{"/Users/lepham/Desktop/sprint/express-jobly/app.js": {"path":"/Users/lepham/Desktop/sprint/express-jobly/app.js","statementMap":{"0":{"start":{"line":5,"column":16},"end":{"line":5,"column":34}},"1":{"start":{"line":6,"column":13},"end":{"line":6,"column":28}},"2":{"start":{"line":8,"column":26},"end":{"line":8,"column":51}},"3":{"start":{"line":10,"column":28},"end":{"line":10,"column":56}},"4":{"start":{"line":11,"column":19},"end":{"line":11,"column":43}},"5":{"start":{"line":12,"column":24},"end":{"line":12,"column":53}},"6":{"start":{"line":13,"column":20},"end":{"line":13,"column":45}},"7":{"start":{"line":15,"column":15},"end":{"line":15,"column":32}},"8":{"start":{"line":17,"column":12},"end":{"line":17,"column":21}},"9":{"start":{"line":19,"column":0},"end":{"line":19,"column":16}},"10":{"start":{"line":20,"column":0},"end":{"line":20,"column":24}},"11":{"start":{"line":21,"column":0},"end":{"line":21,"column":24}},"12":{"start":{"line":22,"column":0},"end":{"line":22,"column":25}},"13":{"start":{"line":24,"column":0},"end":{"line":24,"column":29}},"14":{"start":{"line":25,"column":0},"end":{"line":25,"column":39}},"15":{"start":{"line":26,"column":0},"end":{"line":26,"column":31}},"16":{"start":{"line":30,"column":0},"end":{"line":32,"column":3}},"17":{"start":{"line":31,"column":2},"end":{"line":31,"column":28}},"18":{"start":{"line":35,"column":0},"end":{"line":43,"column":3}},"19":{"start":{"line":36,"column":2},"end":{"line":36,"column":64}},"20":{"start":{"line":36,"column":39},"end":{"line":36,"column":64}},"21":{"start":{"line":37,"column":17},"end":{"line":37,"column":34}},"22":{"start":{"line":38,"column":18},"end":{"line":38,"column":29}},"23":{"start":{"line":40,"column":2},"end":{"line":42,"column":5}},"24":{"start":{"line":45,"column":0},"end":{"line":45,"column":21}}},"fnMap":{"0":{"name":"(anonymous_0)","decl":{"start":{"line":30,"column":8},"end":{"line":30,"column":9}},"loc":{"start":{"line":30,"column":34},"end":{"line":32,"column":1}},"line":30},"1":{"name":"(anonymous_1)","decl":{"start":{"line":35,"column":8},"end":{"line":35,"column":9}},"loc":{"start":{"line":35,"column":39},"end":{"line":43,"column":1}},"line":35}},"branchMap":{"0":{"loc":{"start":{"line":36,"column":2},"end":{"line":36,"column":64}},"type":"if","locations":[{"start":{"line":36,"column":2},"end":{"line":36,"column":64}},{"start":{},"end":{}}],"line":36},"1":{"loc":{"start":{"line":37,"column":17},"end":{"line":37,"column":34}},"type":"binary-expr","locations":[{"start":{"line":37,"column":17},"end":{"line":37,"column":27}},{"start":{"line":37,"column":31},"end":{"line":37,"column":34}}],"line":37}},"s":{"0":4,"1":4,"2":4,"3":4,"4":4,"5":4,"6":4,"7":4,"8":4,"9":4,"10":4,"11":4,"12":4,"13":4,"14":4,"15":4,"16":4,"17":2,"18":4,"19":39,"20":1,"21":39,"22":39,"23":39,"24":4},"f":{"0":2,"1":39},"b":{"0":[1,38],"1":[39,1]},"_coverageSchema":"1a1c01bbd47fc00a2c39e90264f33305004495a9","hash":"1fb38681251d56e6d4400b919bac0e02caed63e0"}
,"/Users/lepham/Desktop/sprint/express-jobly/config.js": {"path":"/Users/lepham/Desktop/sprint/express-jobly/config.js","statementMap":{"0":{"start":{"line":5,"column":0},"end":{"line":5,"column":27}},"1":{"start":{"line":6,"column":0},"end":{"line":6,"column":18}},"2":{"start":{"line":8,"column":19},"end":{"line":8,"column":57}},"3":{"start":{"line":10,"column":13},"end":{"line":10,"column":38}},"4":{"start":{"line":14,"column":2},"end":{"line":16,"column":44}},"5":{"start":{"line":22,"column":27},"end":{"line":22,"column":67}},"6":{"start":{"line":24,"column":0},"end":{"line":24,"column":35}},"7":{"start":{"line":25,"column":0},"end":{"line":25,"column":46}},"8":{"start":{"line":26,"column":0},"end":{"line":26,"column":45}},"9":{"start":{"line":27,"column":0},"end":{"line":27,"column":61}},"10":{"start":{"line":28,"column":0},"end":{"line":28,"column":50}},"11":{"start":{"line":29,"column":0},"end":{"line":29,"column":19}},"12":{"start":{"line":31,"column":0},"end":{"line":36,"column":2}}},"fnMap":{"0":{"name":"getDatabaseUri","decl":{"start":{"line":13,"column":9},"end":{"line":13,"column":23}},"loc":{"start":{"line":13,"column":26},"end":{"line":17,"column":1}},"line":13}},"branchMap":{"0":{"loc":{"start":{"line":8,"column":19},"end":{"line":8,"column":57}},"type":"binary-expr","locations":[{"start":{"line":8,"column":19},"end":{"line":8,"column":41}},{"start":{"line":8,"column":45},"end":{"line":8,"column":57}}],"line":8},"1":{"loc":{"start":{"line":10,"column":13},"end":{"line":10,"column":38}},"type":"binary-expr","locations":[{"start":{"line":10,"column":13},"end":{"line":10,"column":30}},{"start":{"line":10,"column":34},"end":{"line":10,"column":38}}],"line":10},"2":{"loc":{"start":{"line":14,"column":9},"end":{"line":16,"column":43}},"type":"cond-expr","locations":[{"start":{"line":15,"column":8},"end":{"line":15,"column":20}},{"start":{"line":16,"column":8},"end":{"line":16,"column":43}}],"line":14},"3":{"loc":{"start":{"line":16,"column":8},"end":{"line":16,"column":43}},"type":"binary-expr","locations":[{"start":{"line":16,"column":8},"end":{"line":16,"column":32}},{"start":{"line":16,"column":36},"end":{"line":16,"column":43}}],"line":16},"4":{"loc":{"start":{"line":22,"column":27},"end":{"line":22,"column":67}},"type":"cond-expr","locations":[{"start":{"line":22,"column":61},"end":{"line":22,"column":62}},{"start":{"line":22,"column":65},"end":{"line":22,"column":67}}],"line":22}},"s":{"0":10,"1":10,"2":10,"3":10,"4":20,"5":10,"6":10,"7":10,"8":10,"9":10,"10":10,"11":10,"12":10},"f":{"0":20},"b":{"0":[10,9],"1":[10,9],"2":[17,3],"3":[3,1],"4":[9,1]},"_coverageSchema":"1a1c01bbd47fc00a2c39e90264f33305004495a9","hash":"550b774259d165d389d6878a2ab0c49e5ef2c7fb"}
,"/Users/lepham/Desktop/sprint/express-jobly/db.js": {"path":"/Users/lepham/Desktop/sprint/express-jobly/db.js","statementMap":{"0":{"start":{"line":5,"column":19},"end":{"line":5,"column":32}},"1":{"start":{"line":6,"column":27},"end":{"line":6,"column":46}},"2":{"start":{"line":8,"column":11},"end":{"line":10,"column":2}},"3":{"start":{"line":12,"column":0},"end":{"line":12,"column":13}},"4":{"start":{"line":14,"column":0},"end":{"line":14,"column":20}}},"fnMap":{},"branchMap":{},"s":{"0":7,"1":7,"2":7,"3":7,"4":7},"f":{},"b":{},"_coverageSchema":"1a1c01bbd47fc00a2c39e90264f33305004495a9","hash":"a5baf250a3af0c73599982ea267af95bf94fec46"}
,"/Users/lepham/Desktop/sprint/express-jobly/expressError.js": {"path":"/Users/lepham/Desktop/sprint/express-jobly/expressError.js","statementMap":{"0":{"start":{"line":9,"column":4},"end":{"line":9,"column":12}},"1":{"start":{"line":10,"column":4},"end":{"line":10,"column":27}},"2":{"start":{"line":11,"column":4},"end":{"line":11,"column":25}},"3":{"start":{"line":19,"column":4},"end":{"line":19,"column":24}},"4":{"start":{"line":27,"column":4},"end":{"line":27,"column":24}},"5":{"start":{"line":35,"column":4},"end":{"line":35,"column":24}},"6":{"start":{"line":43,"column":4},"end":{"line":43,"column":24}},"7":{"start":{"line":47,"column":0},"end":{"line":53,"column":2}}},"fnMap":{"0":{"name":"(anonymous_0)","decl":{"start":{"line":8,"column":2},"end":{"line":8,"column":3}},"loc":{"start":{"line":8,"column":31},"end":{"line":12,"column":3}},"line":8},"1":{"name":"(anonymous_1)","decl":{"start":{"line":18,"column":2},"end":{"line":18,"column":3}},"loc":{"start":{"line":18,"column":37},"end":{"line":20,"column":3}},"line":18},"2":{"name":"(anonymous_2)","decl":{"start":{"line":26,"column":2},"end":{"line":26,"column":3}},"loc":{"start":{"line":26,"column":40},"end":{"line":28,"column":3}},"line":26},"3":{"name":"(anonymous_3)","decl":{"start":{"line":34,"column":2},"end":{"line":34,"column":3}},"loc":{"start":{"line":34,"column":39},"end":{"line":36,"column":3}},"line":34},"4":{"name":"(anonymous_4)","decl":{"start":{"line":42,"column":2},"end":{"line":42,"column":3}},"loc":{"start":{"line":42,"column":39},"end":{"line":44,"column":3}},"line":42}},"branchMap":{"0":{"loc":{"start":{"line":18,"column":14},"end":{"line":18,"column":35}},"type":"default-arg","locations":[{"start":{"line":18,"column":24},"end":{"line":18,"column":35}}],"line":18},"1":{"loc":{"start":{"line":26,"column":14},"end":{"line":26,"column":38}},"type":"default-arg","locations":[{"start":{"line":26,"column":24},"end":{"line":26,"column":38}}],"line":26},"2":{"loc":{"start":{"line":34,"column":14},"end":{"line":34,"column":37}},"type":"default-arg","locations":[{"start":{"line":34,"column":24},"end":{"line":34,"column":37}}],"line":34},"3":{"loc":{"start":{"line":42,"column":14},"end":{"line":42,"column":37}},"type":"default-arg","locations":[{"start":{"line":42,"column":24},"end":{"line":42,"column":37}}],"line":42}},"s":{"0":57,"1":57,"2":57,"3":14,"4":21,"5":22,"6":0,"7":9},"f":{"0":57,"1":14,"2":21,"3":22,"4":0},"b":{"0":[2],"1":[17],"2":[0],"3":[0]},"_coverageSchema":"1a1c01bbd47fc00a2c39e90264f33305004495a9","hash":"91ab53144ba935268c2e5fdd24e36ee0c7bf9f3d"}
,"/Users/lepham/Desktop/sprint/express-jobly/helpers/sql.js": {"path":"/Users/lepham/Desktop/sprint/express-jobly/helpers/sql.js","statementMap":{"0":{"start":{"line":1,"column":28},"end":{"line":1,"column":54}},"1":{"start":{"line":19,"column":15},"end":{"line":19,"column":40}},"2":{"start":{"line":21,"column":2},"end":{"line":21,"column":62}},"3":{"start":{"line":21,"column":25},"end":{"line":21,"column":62}},"4":{"start":{"line":24,"column":15},"end":{"line":26,"column":3}},"5":{"start":{"line":25,"column":6},"end":{"line":25,"column":52}},"6":{"start":{"line":28,"column":2},"end":{"line":33,"column":4}},"7":{"start":{"line":36,"column":0},"end":{"line":36,"column":41}}},"fnMap":{"0":{"name":"sqlForPartialUpdate","decl":{"start":{"line":17,"column":9},"end":{"line":17,"column":28}},"loc":{"start":{"line":17,"column":52},"end":{"line":34,"column":1}},"line":17},"1":{"name":"(anonymous_1)","decl":{"start":{"line":24,"column":24},"end":{"line":24,"column":25}},"loc":{"start":{"line":25,"column":6},"end":{"line":25,"column":52}},"line":25}},"branchMap":{"0":{"loc":{"start":{"line":21,"column":2},"end":{"line":21,"column":62}},"type":"if","locations":[{"start":{"line":21,"column":2},"end":{"line":21,"column":62}},{"start":{},"end":{}}],"line":21},"1":{"loc":{"start":{"line":25,"column":10},"end":{"line":25,"column":37}},"type":"binary-expr","locations":[{"start":{"line":25,"column":10},"end":{"line":25,"column":26}},{"start":{"line":25,"column":30},"end":{"line":25,"column":37}}],"line":25}},"s":{"0":8,"1":19,"2":19,"3":3,"4":16,"5":32,"6":16,"7":8},"f":{"0":19,"1":32},"b":{"0":[3,16],"1":[32,15]},"_coverageSchema":"1a1c01bbd47fc00a2c39e90264f33305004495a9","hash":"e2c71edbed003949e28b6eebd01acd27acc67e79"}
,"/Users/lepham/Desktop/sprint/express-jobly/helpers/tokens.js": {"path":"/Users/lepham/Desktop/sprint/express-jobly/helpers/tokens.js","statementMap":{"0":{"start":{"line":1,"column":12},"end":{"line":1,"column":35}},"1":{"start":{"line":2,"column":23},"end":{"line":2,"column":43}},"2":{"start":{"line":7,"column":2},"end":{"line":8,"column":58}},"3":{"start":{"line":10,"column":16},"end":{"line":13,"column":3}},"4":{"start":{"line":15,"column":2},"end":{"line":15,"column":39}},"5":{"start":{"line":18,"column":0},"end":{"line":18,"column":33}}},"fnMap":{"0":{"name":"createToken","decl":{"start":{"line":6,"column":9},"end":{"line":6,"column":20}},"loc":{"start":{"line":6,"column":27},"end":{"line":16,"column":1}},"line":6}},"branchMap":{"0":{"loc":{"start":{"line":12,"column":13},"end":{"line":12,"column":34}},"type":"binary-expr","locations":[{"start":{"line":12,"column":13},"end":{"line":12,"column":25}},{"start":{"line":12,"column":29},"end":{"line":12,"column":34}}],"line":12}},"s":{"0":5,"1":5,"2":16,"3":16,"4":16,"5":5},"f":{"0":16},"b":{"0":[16,11]},"_coverageSchema":"1a1c01bbd47fc00a2c39e90264f33305004495a9","hash":"cd0a31c0b0017126c8bb61a7ef090738b23530af"}
,"/Users/lepham/Desktop/sprint/express-jobly/middleware/auth.js": {"path":"/Users/lepham/Desktop/sprint/express-jobly/middleware/auth.js","statementMap":{"0":{"start":{"line":5,"column":12},"end":{"line":5,"column":35}},"1":{"start":{"line":6,"column":23},"end":{"line":6,"column":43}},"2":{"start":{"line":7,"column":30},"end":{"line":7,"column":56}},"3":{"start":{"line":19,"column":2},"end":{"line":28,"column":3}},"4":{"start":{"line":20,"column":23},"end":{"line":20,"column":63}},"5":{"start":{"line":21,"column":4},"end":{"line":24,"column":5}},"6":{"start":{"line":22,"column":20},"end":{"line":22,"column":64}},"7":{"start":{"line":23,"column":6},"end":{"line":23,"column":54}},"8":{"start":{"line":25,"column":4},"end":{"line":25,"column":18}},"9":{"start":{"line":27,"column":4},"end":{"line":27,"column":18}},"10":{"start":{"line":37,"column":2},"end":{"line":42,"column":3}},"11":{"start":{"line":38,"column":4},"end":{"line":38,"column":56}},"12":{"start":{"line":38,"column":26},"end":{"line":38,"column":56}},"13":{"start":{"line":39,"column":4},"end":{"line":39,"column":18}},"14":{"start":{"line":41,"column":4},"end":{"line":41,"column":21}},"15":{"start":{"line":51,"column":2},"end":{"line":57,"column":5}},"16":{"start":{"line":52,"column":17},"end":{"line":52,"column":32}},"17":{"start":{"line":53,"column":4},"end":{"line":53,"column":70}},"18":{"start":{"line":53,"column":40},"end":{"line":53,"column":70}},"19":{"start":{"line":54,"column":6},"end":{"line":54,"column":20}},"20":{"start":{"line":56,"column":6},"end":{"line":56,"column":23}},"21":{"start":{"line":63,"column":2},"end":{"line":70,"column":5}},"22":{"start":{"line":64,"column":17},"end":{"line":64,"column":32}},"23":{"start":{"line":65,"column":4},"end":{"line":66,"column":39}},"24":{"start":{"line":66,"column":6},"end":{"line":66,"column":39}},"25":{"start":{"line":67,"column":6},"end":{"line":67,"column":20}},"26":{"start":{"line":69,"column":6},"end":{"line":69,"column":20}},"27":{"start":{"line":74,"column":2},"end":{"line":79,"column":4}}},"fnMap":{"0":{"name":"authenticateJWT","decl":{"start":{"line":18,"column":9},"end":{"line":18,"column":24}},"loc":{"start":{"line":18,"column":41},"end":{"line":29,"column":1}},"line":18},"1":{"name":"ensureLoggedIn","decl":{"start":{"line":36,"column":9},"end":{"line":36,"column":23}},"loc":{"start":{"line":36,"column":40},"end":{"line":43,"column":1}},"line":36},"2":{"name":"ensureAdmin","decl":{"start":{"line":50,"column":9},"end":{"line":50,"column":20}},"loc":{"start":{"line":50,"column":37},"end":{"line":58,"column":3}},"line":50},"3":{"name":"ensureUserOrAdmin","decl":{"start":{"line":62,"column":9},"end":{"line":62,"column":26}},"loc":{"start":{"line":62,"column":43},"end":{"line":71,"column":3}},"line":62}},"branchMap":{"0":{"loc":{"start":{"line":20,"column":23},"end":{"line":20,"column":63}},"type":"binary-expr","locations":[{"start":{"line":20,"column":23},"end":{"line":20,"column":34}},{"start":{"line":20,"column":38},"end":{"line":20,"column":63}}],"line":20},"1":{"loc":{"start":{"line":21,"column":4},"end":{"line":24,"column":5}},"type":"if","locations":[{"start":{"line":21,"column":4},"end":{"line":24,"column":5}},{"start":{},"end":{}}],"line":21},"2":{"loc":{"start":{"line":38,"column":4},"end":{"line":38,"column":56}},"type":"if","locations":[{"start":{"line":38,"column":4},"end":{"line":38,"column":56}},{"start":{},"end":{}}],"line":38},"3":{"loc":{"start":{"line":53,"column":4},"end":{"line":53,"column":70}},"type":"if","locations":[{"start":{"line":53,"column":4},"end":{"line":53,"column":70}},{"start":{},"end":{}}],"line":53},"4":{"loc":{"start":{"line":53,"column":8},"end":{"line":53,"column":38}},"type":"binary-expr","locations":[{"start":{"line":53,"column":8},"end":{"line":53,"column":13}},{"start":{"line":53,"column":17},"end":{"line":53,"column":38}}],"line":53},"5":{"loc":{"start":{"line":65,"column":4},"end":{"line":66,"column":39}},"type":"if","locations":[{"start":{"line":65,"column":4},"end":{"line":66,"column":39}},{"start":{},"end":{}}],"line":65},"6":{"loc":{"start":{"line":65,"column":8},"end":{"line":65,"column":81}},"type":"binary-expr","locations":[{"start":{"line":65,"column":8},"end":{"line":65,"column":13}},{"start":{"line":65,"column":18},"end":{"line":65,"column":39}},{"start":{"line":65,"column":43},"end":{"line":65,"column":80}}],"line":65}},"s":{"0":5,"1":5,"2":5,"3":71,"4":71,"5":71,"6":38,"7":38,"8":69,"9":2,"10":2,"11":2,"12":1,"13":1,"14":1,"15":31,"16":31,"17":31,"18":16,"19":15,"20":16,"21":19,"22":19,"23":19,"24":7,"25":11,"26":8,"27":5},"f":{"0":71,"1":2,"2":31,"3":19},"b":{"0":[71,70],"1":[38,33],"2":[1,1],"3":[16,15],"4":[31,23],"5":[7,11],"6":[19,16,12]},"_coverageSchema":"1a1c01bbd47fc00a2c39e90264f33305004495a9","hash":"c5deef93d4fa7c711f7803e3da6f47f0695ceccc"}
,"/Users/lepham/Desktop/sprint/express-jobly/models/_testCommon.js": {"path":"/Users/lepham/Desktop/sprint/express-jobly/models/_testCommon.js","statementMap":{"0":{"start":{"line":1,"column":15},"end":{"line":1,"column":32}},"1":{"start":{"line":3,"column":11},"end":{"line":3,"column":30}},"2":{"start":{"line":4,"column":31},"end":{"line":4,"column":51}},"3":{"start":{"line":8,"column":2},"end":{"line":8,"column":42}},"4":{"start":{"line":10,"column":2},"end":{"line":10,"column":38}},"5":{"start":{"line":12,"column":2},"end":{"line":16,"column":55}},"6":{"start":{"line":18,"column":2},"end":{"line":30,"column":9}},"7":{"start":{"line":32,"column":2},"end":{"line":40,"column":10}},"8":{"start":{"line":45,"column":2},"end":{"line":45,"column":26}},"9":{"start":{"line":49,"column":2},"end":{"line":49,"column":29}},"10":{"start":{"line":53,"column":2},"end":{"line":53,"column":17}},"11":{"start":{"line":57,"column":0},"end":{"line":62,"column":2}}},"fnMap":{"0":{"name":"commonBeforeAll","decl":{"start":{"line":6,"column":15},"end":{"line":6,"column":30}},"loc":{"start":{"line":6,"column":33},"end":{"line":41,"column":1}},"line":6},"1":{"name":"commonBeforeEach","decl":{"start":{"line":44,"column":15},"end":{"line":44,"column":31}},"loc":{"start":{"line":44,"column":34},"end":{"line":46,"column":1}},"line":44},"2":{"name":"commonAfterEach","decl":{"start":{"line":48,"column":15},"end":{"line":48,"column":30}},"loc":{"start":{"line":48,"column":33},"end":{"line":50,"column":1}},"line":48},"3":{"name":"commonAfterAll","decl":{"start":{"line":52,"column":15},"end":{"line":52,"column":29}},"loc":{"start":{"line":52,"column":32},"end":{"line":54,"column":1}},"line":52}},"branchMap":{},"s":{"0":3,"1":3,"2":3,"3":3,"4":3,"5":3,"6":3,"7":3,"8":42,"9":42,"10":3,"11":3},"f":{"0":3,"1":42,"2":42,"3":3},"b":{},"_coverageSchema":"1a1c01bbd47fc00a2c39e90264f33305004495a9","hash":"481335df85316e7751008dfd6803d4d797dc7dc5"}
,"/Users/lepham/Desktop/sprint/express-jobly/models/company.js": {"path":"/Users/lepham/Desktop/sprint/express-jobly/models/company.js","statementMap":{"0":{"start":{"line":3,"column":11},"end":{"line":3,"column":27}},"1":{"start":{"line":4,"column":43},"end":{"line":4,"column":69}},"2":{"start":{"line":5,"column":32},"end":{"line":5,"column":57}},"3":{"start":{"line":20,"column":27},"end":{"line":24,"column":17}},"4":{"start":{"line":26,"column":4},"end":{"line":27,"column":64}},"5":{"start":{"line":27,"column":6},"end":{"line":27,"column":64}},"6":{"start":{"line":29,"column":19},"end":{"line":46,"column":5}},"7":{"start":{"line":47,"column":20},"end":{"line":47,"column":34}},"8":{"start":{"line":49,"column":4},"end":{"line":49,"column":19}},"9":{"start":{"line":56,"column":19},"end":{"line":56,"column":21}},"10":{"start":{"line":57,"column":25},"end":{"line":57,"column":27}},"11":{"start":{"line":60,"column":4},"end":{"line":63,"column":5}},"12":{"start":{"line":61,"column":6},"end":{"line":61,"column":35}},"13":{"start":{"line":62,"column":6},"end":{"line":62,"column":55}},"14":{"start":{"line":64,"column":4},"end":{"line":67,"column":5}},"15":{"start":{"line":65,"column":6},"end":{"line":65,"column":32}},"16":{"start":{"line":66,"column":6},"end":{"line":66,"column":61}},"17":{"start":{"line":68,"column":4},"end":{"line":71,"column":5}},"18":{"start":{"line":69,"column":6},"end":{"line":69,"column":32}},"19":{"start":{"line":70,"column":6},"end":{"line":70,"column":61}},"20":{"start":{"line":74,"column":4},"end":{"line":76,"column":5}},"21":{"start":{"line":75,"column":6},"end":{"line":75,"column":65}},"22":{"start":{"line":78,"column":4},"end":{"line":83,"column":5}},"23":{"start":{"line":79,"column":6},"end":{"line":79,"column":51}},"24":{"start":{"line":82,"column":6},"end":{"line":82,"column":17}},"25":{"start":{"line":84,"column":4},"end":{"line":87,"column":5}},"26":{"start":{"line":97,"column":30},"end":{"line":97,"column":54}},"27":{"start":{"line":98,"column":25},"end":{"line":105,"column":34}},"28":{"start":{"line":106,"column":4},"end":{"line":106,"column":29}},"29":{"start":{"line":111,"column":23},"end":{"line":119,"column":17}},"30":{"start":{"line":121,"column":20},"end":{"line":121,"column":38}},"31":{"start":{"line":123,"column":4},"end":{"line":123,"column":67}},"32":{"start":{"line":123,"column":18},"end":{"line":123,"column":67}},"33":{"start":{"line":125,"column":4},"end":{"line":125,"column":19}},"34":{"start":{"line":141,"column":32},"end":{"line":146,"column":10}},"35":{"start":{"line":147,"column":25},"end":{"line":147,"column":50}},"36":{"start":{"line":149,"column":21},"end":{"line":153,"column":100}},"37":{"start":{"line":154,"column":19},"end":{"line":154,"column":64}},"38":{"start":{"line":155,"column":20},"end":{"line":155,"column":34}},"39":{"start":{"line":157,"column":4},"end":{"line":157,"column":67}},"40":{"start":{"line":157,"column":18},"end":{"line":157,"column":67}},"41":{"start":{"line":159,"column":4},"end":{"line":159,"column":19}},"42":{"start":{"line":168,"column":19},"end":{"line":173,"column":17}},"43":{"start":{"line":174,"column":20},"end":{"line":174,"column":34}},"44":{"start":{"line":176,"column":4},"end":{"line":176,"column":67}},"45":{"start":{"line":176,"column":18},"end":{"line":176,"column":67}},"46":{"start":{"line":181,"column":0},"end":{"line":181,"column":25}}},"fnMap":{"0":{"name":"(anonymous_0)","decl":{"start":{"line":19,"column":2},"end":{"line":19,"column":3}},"loc":{"start":{"line":19,"column":76},"end":{"line":50,"column":3}},"line":19},"1":{"name":"(anonymous_1)","decl":{"start":{"line":55,"column":2},"end":{"line":55,"column":3}},"loc":{"start":{"line":55,"column":63},"end":{"line":88,"column":3}},"line":55},"2":{"name":"(anonymous_2)","decl":{"start":{"line":96,"column":2},"end":{"line":96,"column":3}},"loc":{"start":{"line":96,"column":34},"end":{"line":107,"column":3}},"line":96},"3":{"name":"(anonymous_3)","decl":{"start":{"line":110,"column":2},"end":{"line":110,"column":3}},"loc":{"start":{"line":110,"column":27},"end":{"line":126,"column":3}},"line":110},"4":{"name":"(anonymous_4)","decl":{"start":{"line":140,"column":2},"end":{"line":140,"column":3}},"loc":{"start":{"line":140,"column":36},"end":{"line":160,"column":3}},"line":140},"5":{"name":"(anonymous_5)","decl":{"start":{"line":167,"column":2},"end":{"line":167,"column":3}},"loc":{"start":{"line":167,"column":30},"end":{"line":177,"column":3}},"line":167}},"branchMap":{"0":{"loc":{"start":{"line":26,"column":4},"end":{"line":27,"column":64}},"type":"if","locations":[{"start":{"line":26,"column":4},"end":{"line":27,"column":64}},{"start":{},"end":{}}],"line":26},"1":{"loc":{"start":{"line":60,"column":4},"end":{"line":63,"column":5}},"type":"if","locations":[{"start":{"line":60,"column":4},"end":{"line":63,"column":5}},{"start":{},"end":{}}],"line":60},"2":{"loc":{"start":{"line":64,"column":4},"end":{"line":67,"column":5}},"type":"if","locations":[{"start":{"line":64,"column":4},"end":{"line":67,"column":5}},{"start":{},"end":{}}],"line":64},"3":{"loc":{"start":{"line":68,"column":4},"end":{"line":71,"column":5}},"type":"if","locations":[{"start":{"line":68,"column":4},"end":{"line":71,"column":5}},{"start":{},"end":{}}],"line":68},"4":{"loc":{"start":{"line":68,"column":7},"end":{"line":68,"column":41}},"type":"binary-expr","locations":[{"start":{"line":68,"column":7},"end":{"line":68,"column":19}},{"start":{"line":68,"column":23},"end":{"line":68,"column":41}}],"line":68},"5":{"loc":{"start":{"line":74,"column":4},"end":{"line":76,"column":5}},"type":"if","locations":[{"start":{"line":74,"column":4},"end":{"line":76,"column":5}},{"start":{},"end":{}}],"line":74},"6":{"loc":{"start":{"line":74,"column":7},"end":{"line":74,"column":66}},"type":"binary-expr","locations":[{"start":{"line":74,"column":7},"end":{"line":74,"column":19}},{"start":{"line":74,"column":23},"end":{"line":74,"column":35}},{"start":{"line":74,"column":39},"end":{"line":74,"column":66}}],"line":74},"7":{"loc":{"start":{"line":78,"column":4},"end":{"line":83,"column":5}},"type":"if","locations":[{"start":{"line":78,"column":4},"end":{"line":83,"column":5}},{"start":{"line":81,"column":9},"end":{"line":83,"column":5}}],"line":78},"8":{"loc":{"start":{"line":96,"column":23},"end":{"line":96,"column":32}},"type":"default-arg","locations":[{"start":{"line":96,"column":30},"end":{"line":96,"column":32}}],"line":96},"9":{"loc":{"start":{"line":123,"column":4},"end":{"line":123,"column":67}},"type":"if","locations":[{"start":{"line":123,"column":4},"end":{"line":123,"column":67}},{"start":{},"end":{}}],"line":123},"10":{"loc":{"start":{"line":157,"column":4},"end":{"line":157,"column":67}},"type":"if","locations":[{"start":{"line":157,"column":4},"end":{"line":157,"column":67}},{"start":{},"end":{}}],"line":157},"11":{"loc":{"start":{"line":176,"column":4},"end":{"line":176,"column":67}},"type":"if","locations":[{"start":{"line":176,"column":4},"end":{"line":176,"column":67}},{"start":{},"end":{}}],"line":176}},"s":{"0":6,"1":6,"2":6,"3":14,"4":14,"5":1,"6":13,"7":12,"8":12,"9":20,"10":20,"11":20,"12":9,"13":9,"14":20,"15":9,"16":9,"17":20,"18":6,"19":6,"20":20,"21":2,"22":18,"23":14,"24":4,"25":18,"26":17,"27":15,"28":14,"29":5,"30":5,"31":5,"32":2,"33":3,"34":6,"35":5,"36":5,"37":5,"38":5,"39":5,"40":2,"41":3,"42":4,"43":4,"44":4,"45":2,"46":6},"f":{"0":14,"1":20,"2":17,"3":5,"4":6,"5":4},"b":{"0":[1,13],"1":[9,11],"2":[9,11],"3":[6,14],"4":[20,14],"5":[2,18],"6":[20,9,5],"7":[14,4],"8":[1],"9":[2,3],"10":[2,3],"11":[2,2]},"_coverageSchema":"1a1c01bbd47fc00a2c39e90264f33305004495a9","hash":"f124ac8f3ebae35786b34551f32190f132de5b68"}
,"/Users/lepham/Desktop/sprint/express-jobly/models/user.js": {"path":"/Users/lepham/Desktop/sprint/express-jobly/models/user.js","statementMap":{"0":{"start":{"line":3,"column":11},"end":{"line":3,"column":27}},"1":{"start":{"line":4,"column":15},"end":{"line":4,"column":32}},"2":{"start":{"line":5,"column":32},"end":{"line":5,"column":57}},"3":{"start":{"line":10,"column":4},"end":{"line":10,"column":30}},"4":{"start":{"line":12,"column":31},"end":{"line":12,"column":54}},"5":{"start":{"line":26,"column":19},"end":{"line":36,"column":5}},"6":{"start":{"line":38,"column":17},"end":{"line":38,"column":31}},"7":{"start":{"line":40,"column":4},"end":{"line":47,"column":5}},"8":{"start":{"line":42,"column":22},"end":{"line":42,"column":67}},"9":{"start":{"line":43,"column":6},"end":{"line":46,"column":7}},"10":{"start":{"line":44,"column":8},"end":{"line":44,"column":29}},"11":{"start":{"line":45,"column":8},"end":{"line":45,"column":20}},"12":{"start":{"line":49,"column":4},"end":{"line":49,"column":61}},"13":{"start":{"line":61,"column":27},"end":{"line":66,"column":5}},"14":{"start":{"line":68,"column":4},"end":{"line":70,"column":5}},"15":{"start":{"line":69,"column":6},"end":{"line":69,"column":67}},"16":{"start":{"line":72,"column":27},"end":{"line":72,"column":74}},"17":{"start":{"line":74,"column":19},"end":{"line":92,"column":5}},"18":{"start":{"line":94,"column":17},"end":{"line":94,"column":31}},"19":{"start":{"line":96,"column":4},"end":{"line":96,"column":16}},"20":{"start":{"line":105,"column":19},"end":{"line":113,"column":5}},"21":{"start":{"line":115,"column":4},"end":{"line":115,"column":23}},"22":{"start":{"line":127,"column":20},"end":{"line":136,"column":5}},"23":{"start":{"line":138,"column":17},"end":{"line":138,"column":32}},"24":{"start":{"line":140,"column":4},"end":{"line":140,"column":63}},"25":{"start":{"line":140,"column":15},"end":{"line":140,"column":63}},"26":{"start":{"line":142,"column":4},"end":{"line":142,"column":16}},"27":{"start":{"line":163,"column":4},"end":{"line":165,"column":5}},"28":{"start":{"line":164,"column":6},"end":{"line":164,"column":75}},"29":{"start":{"line":167,"column":32},"end":{"line":173,"column":10}},"30":{"start":{"line":174,"column":27},"end":{"line":174,"column":52}},"31":{"start":{"line":176,"column":21},"end":{"line":183,"column":54}},"32":{"start":{"line":184,"column":19},"end":{"line":184,"column":66}},"33":{"start":{"line":185,"column":17},"end":{"line":185,"column":31}},"34":{"start":{"line":187,"column":4},"end":{"line":187,"column":63}},"35":{"start":{"line":187,"column":15},"end":{"line":187,"column":63}},"36":{"start":{"line":189,"column":4},"end":{"line":189,"column":25}},"37":{"start":{"line":190,"column":4},"end":{"line":190,"column":16}},"38":{"start":{"line":196,"column":17},"end":{"line":202,"column":5}},"39":{"start":{"line":203,"column":17},"end":{"line":203,"column":31}},"40":{"start":{"line":205,"column":4},"end":{"line":205,"column":63}},"41":{"start":{"line":205,"column":15},"end":{"line":205,"column":63}},"42":{"start":{"line":210,"column":0},"end":{"line":210,"column":22}}},"fnMap":{"0":{"name":"(anonymous_0)","decl":{"start":{"line":24,"column":2},"end":{"line":24,"column":3}},"loc":{"start":{"line":24,"column":48},"end":{"line":50,"column":3}},"line":24},"1":{"name":"(anonymous_1)","decl":{"start":{"line":59,"column":2},"end":{"line":59,"column":3}},"loc":{"start":{"line":60,"column":67},"end":{"line":97,"column":3}},"line":60},"2":{"name":"(anonymous_2)","decl":{"start":{"line":104,"column":2},"end":{"line":104,"column":3}},"loc":{"start":{"line":104,"column":25},"end":{"line":116,"column":3}},"line":104},"3":{"name":"(anonymous_3)","decl":{"start":{"line":126,"column":2},"end":{"line":126,"column":3}},"loc":{"start":{"line":126,"column":29},"end":{"line":143,"column":3}},"line":126},"4":{"name":"(anonymous_4)","decl":{"start":{"line":162,"column":2},"end":{"line":162,"column":3}},"loc":{"start":{"line":162,"column":38},"end":{"line":191,"column":3}},"line":162},"5":{"name":"(anonymous_5)","decl":{"start":{"line":195,"column":2},"end":{"line":195,"column":3}},"loc":{"start":{"line":195,"column":32},"end":{"line":206,"column":3}},"line":195}},"branchMap":{"0":{"loc":{"start":{"line":40,"column":4},"end":{"line":47,"column":5}},"type":"if","locations":[{"start":{"line":40,"column":4},"end":{"line":47,"column":5}},{"start":{},"end":{}}],"line":40},"1":{"loc":{"start":{"line":43,"column":6},"end":{"line":46,"column":7}},"type":"if","locations":[{"start":{"line":43,"column":6},"end":{"line":46,"column":7}},{"start":{},"end":{}}],"line":43},"2":{"loc":{"start":{"line":68,"column":4},"end":{"line":70,"column":5}},"type":"if","locations":[{"start":{"line":68,"column":4},"end":{"line":70,"column":5}},{"start":{},"end":{}}],"line":68},"3":{"loc":{"start":{"line":140,"column":4},"end":{"line":140,"column":63}},"type":"if","locations":[{"start":{"line":140,"column":4},"end":{"line":140,"column":63}},{"start":{},"end":{}}],"line":140},"4":{"loc":{"start":{"line":163,"column":4},"end":{"line":165,"column":5}},"type":"if","locations":[{"start":{"line":163,"column":4},"end":{"line":165,"column":5}},{"start":{},"end":{}}],"line":163},"5":{"loc":{"start":{"line":187,"column":4},"end":{"line":187,"column":63}},"type":"if","locations":[{"start":{"line":187,"column":4},"end":{"line":187,"column":63}},{"start":{},"end":{}}],"line":187},"6":{"loc":{"start":{"line":205,"column":4},"end":{"line":205,"column":63}},"type":"if","locations":[{"start":{"line":205,"column":4},"end":{"line":205,"column":63}},{"start":{},"end":{}}],"line":205}},"s":{"0":5,"1":5,"2":5,"3":5,"4":5,"5":7,"6":7,"7":7,"8":4,"9":4,"10":3,"11":3,"12":4,"13":19,"14":19,"15":1,"16":18,"17":18,"18":18,"19":18,"20":2,"21":2,"22":7,"23":7,"24":7,"25":2,"26":5,"27":10,"28":2,"29":10,"30":9,"31":9,"32":9,"33":9,"34":9,"35":2,"36":7,"37":7,"38":7,"39":7,"40":7,"41":2,"42":5},"f":{"0":7,"1":19,"2":2,"3":7,"4":10,"5":7},"b":{"0":[4,3],"1":[3,1],"2":[1,18],"3":[2,5],"4":[2,8],"5":[2,7],"6":[2,5]},"_coverageSchema":"1a1c01bbd47fc00a2c39e90264f33305004495a9","hash":"4b5ac6aea51a0eb0520c202ed050e7a4dcb3412b"}
,"/Users/lepham/Desktop/sprint/express-jobly/routes/_testCommon.js": {"path":"/Users/lepham/Desktop/sprint/express-jobly/routes/_testCommon.js","statementMap":{"0":{"start":{"line":3,"column":11},"end":{"line":3,"column":30}},"1":{"start":{"line":4,"column":13},"end":{"line":4,"column":38}},"2":{"start":{"line":5,"column":16},"end":{"line":5,"column":44}},"3":{"start":{"line":6,"column":24},"end":{"line":6,"column":52}},"4":{"start":{"line":10,"column":2},"end":{"line":10,"column":38}},"5":{"start":{"line":12,"column":2},"end":{"line":12,"column":42}},"6":{"start":{"line":14,"column":2},"end":{"line":21,"column":9}},"7":{"start":{"line":22,"column":2},"end":{"line":29,"column":9}},"8":{"start":{"line":30,"column":2},"end":{"line":37,"column":9}},"9":{"start":{"line":39,"column":2},"end":{"line":46,"column":5}},"10":{"start":{"line":47,"column":2},"end":{"line":54,"column":5}},"11":{"start":{"line":55,"column":2},"end":{"line":62,"column":5}},"12":{"start":{"line":63,"column":2},"end":{"line":70,"column":5}},"13":{"start":{"line":74,"column":2},"end":{"line":74,"column":26}},"14":{"start":{"line":78,"column":2},"end":{"line":78,"column":29}},"15":{"start":{"line":82,"column":2},"end":{"line":82,"column":17}},"16":{"start":{"line":86,"column":16},"end":{"line":86,"column":63}},"17":{"start":{"line":87,"column":16},"end":{"line":87,"column":63}},"18":{"start":{"line":88,"column":19},"end":{"line":88,"column":65}},"19":{"start":{"line":91,"column":0},"end":{"line":99,"column":2}}},"fnMap":{"0":{"name":"commonBeforeAll","decl":{"start":{"line":8,"column":15},"end":{"line":8,"column":30}},"loc":{"start":{"line":8,"column":33},"end":{"line":71,"column":1}},"line":8},"1":{"name":"commonBeforeEach","decl":{"start":{"line":73,"column":15},"end":{"line":73,"column":31}},"loc":{"start":{"line":73,"column":34},"end":{"line":75,"column":1}},"line":73},"2":{"name":"commonAfterEach","decl":{"start":{"line":77,"column":15},"end":{"line":77,"column":30}},"loc":{"start":{"line":77,"column":33},"end":{"line":79,"column":1}},"line":77},"3":{"name":"commonAfterAll","decl":{"start":{"line":81,"column":15},"end":{"line":81,"column":29}},"loc":{"start":{"line":81,"column":32},"end":{"line":83,"column":1}},"line":81}},"branchMap":{},"s":{"0":3,"1":3,"2":3,"3":3,"4":3,"5":3,"6":3,"7":3,"8":3,"9":3,"10":3,"11":3,"12":3,"13":66,"14":66,"15":3,"16":3,"17":3,"18":3,"19":3},"f":{"0":3,"1":66,"2":66,"3":3},"b":{},"_coverageSchema":"1a1c01bbd47fc00a2c39e90264f33305004495a9","hash":"771cd507e31850c61332cbeb3952520612134210"}
,"/Users/lepham/Desktop/sprint/express-jobly/routes/auth.js": {"path":"/Users/lepham/Desktop/sprint/express-jobly/routes/auth.js","statementMap":{"0":{"start":{"line":5,"column":19},"end":{"line":5,"column":40}},"1":{"start":{"line":7,"column":13},"end":{"line":7,"column":38}},"2":{"start":{"line":8,"column":16},"end":{"line":8,"column":34}},"3":{"start":{"line":9,"column":15},"end":{"line":9,"column":35}},"4":{"start":{"line":10,"column":24},"end":{"line":10,"column":52}},"5":{"start":{"line":11,"column":23},"end":{"line":11,"column":58}},"6":{"start":{"line":12,"column":27},"end":{"line":12,"column":66}},"7":{"start":{"line":13,"column":28},"end":{"line":13,"column":54}},"8":{"start":{"line":22,"column":0},"end":{"line":37,"column":3}},"9":{"start":{"line":23,"column":20},"end":{"line":27,"column":3}},"10":{"start":{"line":28,"column":2},"end":{"line":31,"column":3}},"11":{"start":{"line":29,"column":17},"end":{"line":29,"column":51}},"12":{"start":{"line":29,"column":43},"end":{"line":29,"column":50}},"13":{"start":{"line":30,"column":4},"end":{"line":30,"column":36}},"14":{"start":{"line":33,"column":33},"end":{"line":33,"column":41}},"15":{"start":{"line":34,"column":15},"end":{"line":34,"column":58}},"16":{"start":{"line":35,"column":16},"end":{"line":35,"column":33}},"17":{"start":{"line":36,"column":2},"end":{"line":36,"column":29}},"18":{"start":{"line":49,"column":0},"end":{"line":63,"column":3}},"19":{"start":{"line":50,"column":20},"end":{"line":54,"column":3}},"20":{"start":{"line":55,"column":2},"end":{"line":58,"column":3}},"21":{"start":{"line":56,"column":17},"end":{"line":56,"column":51}},"22":{"start":{"line":56,"column":43},"end":{"line":56,"column":50}},"23":{"start":{"line":57,"column":4},"end":{"line":57,"column":36}},"24":{"start":{"line":60,"column":18},"end":{"line":60,"column":70}},"25":{"start":{"line":61,"column":16},"end":{"line":61,"column":36}},"26":{"start":{"line":62,"column":2},"end":{"line":62,"column":41}},"27":{"start":{"line":66,"column":0},"end":{"line":66,"column":24}}},"fnMap":{"0":{"name":"(anonymous_0)","decl":{"start":{"line":22,"column":22},"end":{"line":22,"column":23}},"loc":{"start":{"line":22,"column":54},"end":{"line":37,"column":1}},"line":22},"1":{"name":"(anonymous_1)","decl":{"start":{"line":29,"column":38},"end":{"line":29,"column":39}},"loc":{"start":{"line":29,"column":43},"end":{"line":29,"column":50}},"line":29},"2":{"name":"(anonymous_2)","decl":{"start":{"line":49,"column":25},"end":{"line":49,"column":26}},"loc":{"start":{"line":49,"column":57},"end":{"line":63,"column":1}},"line":49},"3":{"name":"(anonymous_3)","decl":{"start":{"line":56,"column":38},"end":{"line":56,"column":39}},"loc":{"start":{"line":56,"column":43},"end":{"line":56,"column":50}},"line":56}},"branchMap":{"0":{"loc":{"start":{"line":28,"column":2},"end":{"line":31,"column":3}},"type":"if","locations":[{"start":{"line":28,"column":2},"end":{"line":31,"column":3}},{"start":{},"end":{}}],"line":28},"1":{"loc":{"start":{"line":55,"column":2},"end":{"line":58,"column":3}},"type":"if","locations":[{"start":{"line":55,"column":2},"end":{"line":58,"column":3}},{"start":{},"end":{}}],"line":55}},"s":{"0":4,"1":4,"2":4,"3":4,"4":4,"5":4,"6":4,"7":4,"8":4,"9":5,"10":5,"11":2,"12":2,"13":2,"14":3,"15":3,"16":1,"17":1,"18":4,"19":4,"20":4,"21":3,"22":7,"23":3,"24":1,"25":1,"26":1,"27":4},"f":{"0":5,"1":2,"2":4,"3":7},"b":{"0":[2,3],"1":[3,1]},"_coverageSchema":"1a1c01bbd47fc00a2c39e90264f33305004495a9","hash":"5ca0b2251967907a82286fa59d0848983d6439b1"}
,"/Users/lepham/Desktop/sprint/express-jobly/routes/companies.js": {"path":"/Users/lepham/Desktop/sprint/express-jobly/routes/companies.js","statementMap":{"0":{"start":{"line":5,"column":19},"end":{"line":5,"column":40}},"1":{"start":{"line":6,"column":16},"end":{"line":6,"column":34}},"2":{"start":{"line":8,"column":28},"end":{"line":8,"column":54}},"3":{"start":{"line":9,"column":39},"end":{"line":9,"column":68}},"4":{"start":{"line":10,"column":16},"end":{"line":10,"column":44}},"5":{"start":{"line":12,"column":25},"end":{"line":12,"column":62}},"6":{"start":{"line":13,"column":28},"end":{"line":13,"column":68}},"7":{"start":{"line":14,"column":28},"end":{"line":14,"column":68}},"8":{"start":{"line":16,"column":34},"end":{"line":16,"column":70}},"9":{"start":{"line":18,"column":15},"end":{"line":18,"column":35}},"10":{"start":{"line":29,"column":0},"end":{"line":43,"column":3}},"11":{"start":{"line":31,"column":20},"end":{"line":35,"column":3}},"12":{"start":{"line":36,"column":2},"end":{"line":39,"column":3}},"13":{"start":{"line":37,"column":17},"end":{"line":37,"column":51}},"14":{"start":{"line":37,"column":43},"end":{"line":37,"column":50}},"15":{"start":{"line":38,"column":4},"end":{"line":38,"column":36}},"16":{"start":{"line":41,"column":18},"end":{"line":41,"column":48}},"17":{"start":{"line":42,"column":2},"end":{"line":42,"column":43}},"18":{"start":{"line":56,"column":0},"end":{"line":86,"column":3}},"19":{"start":{"line":58,"column":18},"end":{"line":58,"column":46}},"20":{"start":{"line":59,"column":2},"end":{"line":59,"column":41}},"21":{"start":{"line":60,"column":2},"end":{"line":62,"column":3}},"22":{"start":{"line":61,"column":4},"end":{"line":61,"column":61}},"23":{"start":{"line":63,"column":2},"end":{"line":65,"column":5}},"24":{"start":{"line":64,"column":4},"end":{"line":64,"column":61}},"25":{"start":{"line":66,"column":0},"end":{"line":66,"column":36}},"26":{"start":{"line":67,"column":2},"end":{"line":67,"column":50}},"27":{"start":{"line":69,"column":20},"end":{"line":73,"column":3}},"28":{"start":{"line":74,"column":2},"end":{"line":77,"column":3}},"29":{"start":{"line":75,"column":17},"end":{"line":75,"column":51}},"30":{"start":{"line":75,"column":43},"end":{"line":75,"column":50}},"31":{"start":{"line":76,"column":4},"end":{"line":76,"column":36}},"32":{"start":{"line":79,"column":20},"end":{"line":79,"column":52}},"33":{"start":{"line":80,"column":2},"end":{"line":85,"column":7}},"34":{"start":{"line":81,"column":8},"end":{"line":81,"column":57}},"35":{"start":{"line":84,"column":2},"end":{"line":84,"column":45}},"36":{"start":{"line":98,"column":0},"end":{"line":101,"column":3}},"37":{"start":{"line":99,"column":18},"end":{"line":99,"column":54}},"38":{"start":{"line":100,"column":2},"end":{"line":100,"column":31}},"39":{"start":{"line":114,"column":0},"end":{"line":127,"column":3}},"40":{"start":{"line":115,"column":20},"end":{"line":119,"column":3}},"41":{"start":{"line":120,"column":2},"end":{"line":123,"column":3}},"42":{"start":{"line":121,"column":17},"end":{"line":121,"column":51}},"43":{"start":{"line":121,"column":43},"end":{"line":121,"column":50}},"44":{"start":{"line":122,"column":4},"end":{"line":122,"column":36}},"45":{"start":{"line":125,"column":18},"end":{"line":125,"column":67}},"46":{"start":{"line":126,"column":2},"end":{"line":126,"column":31}},"47":{"start":{"line":134,"column":0},"end":{"line":137,"column":3}},"48":{"start":{"line":135,"column":2},"end":{"line":135,"column":42}},"49":{"start":{"line":136,"column":2},"end":{"line":136,"column":50}},"50":{"start":{"line":140,"column":0},"end":{"line":140,"column":24}}},"fnMap":{"0":{"name":"(anonymous_0)","decl":{"start":{"line":29,"column":30},"end":{"line":29,"column":31}},"loc":{"start":{"line":29,"column":62},"end":{"line":43,"column":1}},"line":29},"1":{"name":"(anonymous_1)","decl":{"start":{"line":37,"column":38},"end":{"line":37,"column":39}},"loc":{"start":{"line":37,"column":43},"end":{"line":37,"column":50}},"line":37},"2":{"name":"(anonymous_2)","decl":{"start":{"line":56,"column":16},"end":{"line":56,"column":17}},"loc":{"start":{"line":56,"column":48},"end":{"line":86,"column":1}},"line":56},"3":{"name":"(anonymous_3)","decl":{"start":{"line":75,"column":38},"end":{"line":75,"column":39}},"loc":{"start":{"line":75,"column":43},"end":{"line":75,"column":50}},"line":75},"4":{"name":"(anonymous_4)","decl":{"start":{"line":98,"column":23},"end":{"line":98,"column":24}},"loc":{"start":{"line":98,"column":55},"end":{"line":101,"column":1}},"line":98},"5":{"name":"(anonymous_5)","decl":{"start":{"line":114,"column":38},"end":{"line":114,"column":39}},"loc":{"start":{"line":114,"column":70},"end":{"line":127,"column":1}},"line":114},"6":{"name":"(anonymous_6)","decl":{"start":{"line":121,"column":38},"end":{"line":121,"column":39}},"loc":{"start":{"line":121,"column":43},"end":{"line":121,"column":50}},"line":121},"7":{"name":"(anonymous_7)","decl":{"start":{"line":134,"column":39},"end":{"line":134,"column":40}},"loc":{"start":{"line":134,"column":71},"end":{"line":137,"column":1}},"line":134}},"branchMap":{"0":{"loc":{"start":{"line":36,"column":2},"end":{"line":39,"column":3}},"type":"if","locations":[{"start":{"line":36,"column":2},"end":{"line":39,"column":3}},{"start":{},"end":{}}],"line":36},"1":{"loc":{"start":{"line":60,"column":2},"end":{"line":62,"column":3}},"type":"if","locations":[{"start":{"line":60,"column":2},"end":{"line":62,"column":3}},{"start":{},"end":{}}],"line":60},"2":{"loc":{"start":{"line":63,"column":2},"end":{"line":65,"column":5}},"type":"if","locations":[{"start":{"line":63,"column":2},"end":{"line":65,"column":5}},{"start":{},"end":{}}],"line":63},"3":{"loc":{"start":{"line":74,"column":2},"end":{"line":77,"column":3}},"type":"if","locations":[{"start":{"line":74,"column":2},"end":{"line":77,"column":3}},{"start":{},"end":{}}],"line":74},"4":{"loc":{"start":{"line":80,"column":2},"end":{"line":85,"column":7}},"type":"if","locations":[{"start":{"line":80,"column":2},"end":{"line":85,"column":7}},{"start":{"line":83,"column":11},"end":{"line":85,"column":7}}],"line":80},"5":{"loc":{"start":{"line":120,"column":2},"end":{"line":123,"column":3}},"type":"if","locations":[{"start":{"line":120,"column":2},"end":{"line":123,"column":3}},{"start":{},"end":{}}],"line":120}},"s":{"0":4,"1":4,"2":4,"3":4,"4":4,"5":4,"6":4,"7":4,"8":4,"9":4,"10":4,"11":3,"12":3,"13":2,"14":3,"15":2,"16":1,"17":1,"18":4,"19":11,"20":11,"21":11,"22":4,"23":11,"24":4,"25":11,"26":11,"27":11,"28":11,"29":3,"30":3,"31":3,"32":8,"33":6,"34":2,"35":4,"36":4,"37":3,"38":2,"39":4,"40":4,"41":4,"42":2,"43":2,"44":2,"45":2,"46":1,"47":4,"48":2,"49":1,"50":4},"f":{"0":3,"1":3,"2":11,"3":3,"4":3,"5":4,"6":2,"7":2},"b":{"0":[2,1],"1":[4,7],"2":[4,7],"3":[3,8],"4":[2,4],"5":[2,2]},"_coverageSchema":"1a1c01bbd47fc00a2c39e90264f33305004495a9","hash":"8c48c704a86d4e6e215c6f2191b6dbb203987861"}
,"/Users/lepham/Desktop/sprint/express-jobly/routes/users.js": {"path":"/Users/lepham/Desktop/sprint/express-jobly/routes/users.js","statementMap":{"0":{"start":{"line":5,"column":19},"end":{"line":5,"column":40}},"1":{"start":{"line":7,"column":16},"end":{"line":7,"column":34}},"2":{"start":{"line":8,"column":59},"end":{"line":8,"column":88}},"3":{"start":{"line":9,"column":28},"end":{"line":9,"column":54}},"4":{"start":{"line":10,"column":13},"end":{"line":10,"column":38}},"5":{"start":{"line":11,"column":24},"end":{"line":11,"column":52}},"6":{"start":{"line":12,"column":22},"end":{"line":12,"column":56}},"7":{"start":{"line":13,"column":25},"end":{"line":13,"column":62}},"8":{"start":{"line":15,"column":15},"end":{"line":15,"column":31}},"9":{"start":{"line":30,"column":0},"end":{"line":44,"column":3}},"10":{"start":{"line":31,"column":20},"end":{"line":35,"column":3}},"11":{"start":{"line":36,"column":2},"end":{"line":39,"column":3}},"12":{"start":{"line":37,"column":17},"end":{"line":37,"column":51}},"13":{"start":{"line":37,"column":43},"end":{"line":37,"column":50}},"14":{"start":{"line":38,"column":4},"end":{"line":38,"column":36}},"15":{"start":{"line":41,"column":15},"end":{"line":41,"column":44}},"16":{"start":{"line":42,"column":16},"end":{"line":42,"column":33}},"17":{"start":{"line":43,"column":2},"end":{"line":43,"column":47}},"18":{"start":{"line":54,"column":0},"end":{"line":57,"column":3}},"19":{"start":{"line":55,"column":16},"end":{"line":55,"column":36}},"20":{"start":{"line":56,"column":2},"end":{"line":56,"column":29}},"21":{"start":{"line":67,"column":0},"end":{"line":70,"column":3}},"22":{"start":{"line":68,"column":15},"end":{"line":68,"column":50}},"23":{"start":{"line":69,"column":2},"end":{"line":69,"column":28}},"24":{"start":{"line":83,"column":0},"end":{"line":96,"column":3}},"25":{"start":{"line":84,"column":20},"end":{"line":88,"column":3}},"26":{"start":{"line":89,"column":2},"end":{"line":92,"column":3}},"27":{"start":{"line":90,"column":17},"end":{"line":90,"column":51}},"28":{"start":{"line":90,"column":43},"end":{"line":90,"column":50}},"29":{"start":{"line":91,"column":4},"end":{"line":91,"column":36}},"30":{"start":{"line":94,"column":15},"end":{"line":94,"column":63}},"31":{"start":{"line":95,"column":2},"end":{"line":95,"column":28}},"32":{"start":{"line":104,"column":0},"end":{"line":107,"column":3}},"33":{"start":{"line":105,"column":2},"end":{"line":105,"column":41}},"34":{"start":{"line":106,"column":2},"end":{"line":106,"column":52}},"35":{"start":{"line":110,"column":0},"end":{"line":110,"column":24}}},"fnMap":{"0":{"name":"(anonymous_0)","decl":{"start":{"line":30,"column":30},"end":{"line":30,"column":31}},"loc":{"start":{"line":30,"column":62},"end":{"line":44,"column":1}},"line":30},"1":{"name":"(anonymous_1)","decl":{"start":{"line":37,"column":38},"end":{"line":37,"column":39}},"loc":{"start":{"line":37,"column":43},"end":{"line":37,"column":50}},"line":37},"2":{"name":"(anonymous_2)","decl":{"start":{"line":54,"column":29},"end":{"line":54,"column":30}},"loc":{"start":{"line":54,"column":61},"end":{"line":57,"column":1}},"line":54},"3":{"name":"(anonymous_3)","decl":{"start":{"line":67,"column":44},"end":{"line":67,"column":45}},"loc":{"start":{"line":67,"column":76},"end":{"line":70,"column":1}},"line":67},"4":{"name":"(anonymous_4)","decl":{"start":{"line":83,"column":46},"end":{"line":83,"column":47}},"loc":{"start":{"line":83,"column":78},"end":{"line":96,"column":1}},"line":83},"5":{"name":"(anonymous_5)","decl":{"start":{"line":90,"column":38},"end":{"line":90,"column":39}},"loc":{"start":{"line":90,"column":43},"end":{"line":90,"column":50}},"line":90},"6":{"name":"(anonymous_6)","decl":{"start":{"line":104,"column":47},"end":{"line":104,"column":48}},"loc":{"start":{"line":104,"column":79},"end":{"line":107,"column":1}},"line":104}},"branchMap":{"0":{"loc":{"start":{"line":36,"column":2},"end":{"line":39,"column":3}},"type":"if","locations":[{"start":{"line":36,"column":2},"end":{"line":39,"column":3}},{"start":{},"end":{}}],"line":36},"1":{"loc":{"start":{"line":89,"column":2},"end":{"line":92,"column":3}},"type":"if","locations":[{"start":{"line":89,"column":2},"end":{"line":92,"column":3}},{"start":{},"end":{}}],"line":89}},"s":{"0":4,"1":4,"2":4,"3":4,"4":4,"5":4,"6":4,"7":4,"8":4,"9":4,"10":4,"11":4,"12":2,"13":5,"14":2,"15":2,"16":2,"17":2,"18":4,"19":1,"20":1,"21":4,"22":5,"23":4,"24":4,"25":7,"26":7,"27":1,"28":1,"29":1,"30":6,"31":5,"32":4,"33":5,"34":4,"35":4},"f":{"0":4,"1":5,"2":1,"3":5,"4":7,"5":1,"6":5},"b":{"0":[2,2],"1":[1,6]},"_coverageSchema":"1a1c01bbd47fc00a2c39e90264f33305004495a9","hash":"e03c27475987db3b483bd3fb78c8485fa0cedb3e"}
}
