{"/Users/lepham/Desktop/sprint/express-jobly/app.js": {"path":"/Users/lepham/Desktop/sprint/express-jobly/app.js","statementMap":{"0":{"start":{"line":5,"column":16},"end":{"line":5,"column":34}},"1":{"start":{"line":6,"column":13},"end":{"line":6,"column":28}},"2":{"start":{"line":8,"column":26},"end":{"line":8,"column":51}},"3":{"start":{"line":10,"column":28},"end":{"line":10,"column":56}},"4":{"start":{"line":11,"column":19},"end":{"line":11,"column":43}},"5":{"start":{"line":12,"column":24},"end":{"line":12,"column":53}},"6":{"start":{"line":13,"column":20},"end":{"line":13,"column":45}},"7":{"start":{"line":15,"column":15},"end":{"line":15,"column":32}},"8":{"start":{"line":17,"column":12},"end":{"line":17,"column":21}},"9":{"start":{"line":19,"column":0},"end":{"line":19,"column":16}},"10":{"start":{"line":20,"column":0},"end":{"line":20,"column":24}},"11":{"start":{"line":21,"column":0},"end":{"line":21,"column":24}},"12":{"start":{"line":22,"column":0},"end":{"line":22,"column":25}},"13":{"start":{"line":24,"column":0},"end":{"line":24,"column":29}},"14":{"start":{"line":25,"column":0},"end":{"line":25,"column":39}},"15":{"start":{"line":26,"column":0},"end":{"line":26,"column":31}},"16":{"start":{"line":30,"column":0},"end":{"line":32,"column":3}},"17":{"start":{"line":31,"column":2},"end":{"line":31,"column":28}},"18":{"start":{"line":35,"column":0},"end":{"line":43,"column":3}},"19":{"start":{"line":36,"column":2},"end":{"line":36,"column":64}},"20":{"start":{"line":36,"column":39},"end":{"line":36,"column":64}},"21":{"start":{"line":37,"column":17},"end":{"line":37,"column":34}},"22":{"start":{"line":38,"column":18},"end":{"line":38,"column":29}},"23":{"start":{"line":40,"column":2},"end":{"line":42,"column":5}},"24":{"start":{"line":45,"column":0},"end":{"line":45,"column":21}}},"fnMap":{"0":{"name":"(anonymous_0)","decl":{"start":{"line":30,"column":8},"end":{"line":30,"column":9}},"loc":{"start":{"line":30,"column":34},"end":{"line":32,"column":1}},"line":30},"1":{"name":"(anonymous_1)","decl":{"start":{"line":35,"column":8},"end":{"line":35,"column":9}},"loc":{"start":{"line":35,"column":39},"end":{"line":43,"column":1}},"line":35}},"branchMap":{"0":{"loc":{"start":{"line":36,"column":2},"end":{"line":36,"column":64}},"type":"if","locations":[{"start":{"line":36,"column":2},"end":{"line":36,"column":64}},{"start":{},"end":{}}],"line":36},"1":{"loc":{"start":{"line":37,"column":17},"end":{"line":37,"column":34}},"type":"binary-expr","locations":[{"start":{"line":37,"column":17},"end":{"line":37,"column":27}},{"start":{"line":37,"column":31},"end":{"line":37,"column":34}}],"line":37}},"s":{"0":4,"1":4,"2":4,"3":4,"4":4,"5":4,"6":4,"7":4,"8":4,"9":4,"10":4,"11":4,"12":4,"13":4,"14":4,"15":4,"16":4,"17":2,"18":4,"19":32,"20":1,"21":32,"22":32,"23":32,"24":4},"f":{"0":2,"1":32},"b":{"0":[1,31],"1":[32,2]},"_coverageSchema":"1a1c01bbd47fc00a2c39e90264f33305004495a9","hash":"1fb38681251d56e6d4400b919bac0e02caed63e0"}
,"/Users/lepham/Desktop/sprint/express-jobly/config.js": {"path":"/Users/lepham/Desktop/sprint/express-jobly/config.js","statementMap":{"0":{"start":{"line":5,"column":0},"end":{"line":5,"column":27}},"1":{"start":{"line":6,"column":0},"end":{"line":6,"column":18}},"2":{"start":{"line":8,"column":19},"end":{"line":8,"column":57}},"3":{"start":{"line":10,"column":13},"end":{"line":10,"column":38}},"4":{"start":{"line":14,"column":2},"end":{"line":16,"column":44}},"5":{"start":{"line":22,"column":27},"end":{"line":22,"column":67}},"6":{"start":{"line":24,"column":0},"end":{"line":24,"column":35}},"7":{"start":{"line":25,"column":0},"end":{"line":25,"column":46}},"8":{"start":{"line":26,"column":0},"end":{"line":26,"column":45}},"9":{"start":{"line":27,"column":0},"end":{"line":27,"column":61}},"10":{"start":{"line":28,"column":0},"end":{"line":28,"column":50}},"11":{"start":{"line":29,"column":0},"end":{"line":29,"column":19}},"12":{"start":{"line":31,"column":0},"end":{"line":36,"column":2}}},"fnMap":{"0":{"name":"getDatabaseUri","decl":{"start":{"line":13,"column":9},"end":{"line":13,"column":23}},"loc":{"start":{"line":13,"column":26},"end":{"line":17,"column":1}},"line":13}},"branchMap":{"0":{"loc":{"start":{"line":8,"column":19},"end":{"line":8,"column":57}},"type":"binary-expr","locations":[{"start":{"line":8,"column":19},"end":{"line":8,"column":41}},{"start":{"line":8,"column":45},"end":{"line":8,"column":57}}],"line":8},"1":{"loc":{"start":{"line":10,"column":13},"end":{"line":10,"column":38}},"type":"binary-expr","locations":[{"start":{"line":10,"column":13},"end":{"line":10,"column":30}},{"start":{"line":10,"column":34},"end":{"line":10,"column":38}}],"line":10},"2":{"loc":{"start":{"line":14,"column":9},"end":{"line":16,"column":43}},"type":"cond-expr","locations":[{"start":{"line":15,"column":8},"end":{"line":15,"column":20}},{"start":{"line":16,"column":8},"end":{"line":16,"column":43}}],"line":14},"3":{"loc":{"start":{"line":16,"column":8},"end":{"line":16,"column":43}},"type":"binary-expr","locations":[{"start":{"line":16,"column":8},"end":{"line":16,"column":32}},{"start":{"line":16,"column":36},"end":{"line":16,"column":43}}],"line":16},"4":{"loc":{"start":{"line":22,"column":27},"end":{"line":22,"column":67}},"type":"cond-expr","locations":[{"start":{"line":22,"column":61},"end":{"line":22,"column":62}},{"start":{"line":22,"column":65},"end":{"line":22,"column":67}}],"line":22}},"s":{"0":9,"1":9,"2":9,"3":9,"4":18,"5":9,"6":9,"7":9,"8":9,"9":9,"10":9,"11":9,"12":9},"f":{"0":18},"b":{"0":[9,8],"1":[9,8],"2":[15,3],"3":[3,1],"4":[8,1]},"_coverageSchema":"1a1c01bbd47fc00a2c39e90264f33305004495a9","hash":"550b774259d165d389d6878a2ab0c49e5ef2c7fb"}
,"/Users/lepham/Desktop/sprint/express-jobly/db.js": {"path":"/Users/lepham/Desktop/sprint/express-jobly/db.js","statementMap":{"0":{"start":{"line":5,"column":19},"end":{"line":5,"column":32}},"1":{"start":{"line":6,"column":27},"end":{"line":6,"column":46}},"2":{"start":{"line":8,"column":11},"end":{"line":10,"column":2}},"3":{"start":{"line":12,"column":0},"end":{"line":12,"column":13}},"4":{"start":{"line":14,"column":0},"end":{"line":14,"column":20}}},"fnMap":{},"branchMap":{},"s":{"0":6,"1":6,"2":6,"3":6,"4":6},"f":{},"b":{},"_coverageSchema":"1a1c01bbd47fc00a2c39e90264f33305004495a9","hash":"a5baf250a3af0c73599982ea267af95bf94fec46"}
,"/Users/lepham/Desktop/sprint/express-jobly/expressError.js": {"path":"/Users/lepham/Desktop/sprint/express-jobly/expressError.js","statementMap":{"0":{"start":{"line":9,"column":4},"end":{"line":9,"column":12}},"1":{"start":{"line":10,"column":4},"end":{"line":10,"column":27}},"2":{"start":{"line":11,"column":4},"end":{"line":11,"column":25}},"3":{"start":{"line":19,"column":4},"end":{"line":19,"column":24}},"4":{"start":{"line":27,"column":4},"end":{"line":27,"column":24}},"5":{"start":{"line":35,"column":4},"end":{"line":35,"column":24}},"6":{"start":{"line":43,"column":4},"end":{"line":43,"column":24}},"7":{"start":{"line":47,"column":0},"end":{"line":53,"column":2}}},"fnMap":{"0":{"name":"(anonymous_0)","decl":{"start":{"line":8,"column":2},"end":{"line":8,"column":3}},"loc":{"start":{"line":8,"column":31},"end":{"line":12,"column":3}},"line":8},"1":{"name":"(anonymous_1)","decl":{"start":{"line":18,"column":2},"end":{"line":18,"column":3}},"loc":{"start":{"line":18,"column":37},"end":{"line":20,"column":3}},"line":18},"2":{"name":"(anonymous_2)","decl":{"start":{"line":26,"column":2},"end":{"line":26,"column":3}},"loc":{"start":{"line":26,"column":40},"end":{"line":28,"column":3}},"line":26},"3":{"name":"(anonymous_3)","decl":{"start":{"line":34,"column":2},"end":{"line":34,"column":3}},"loc":{"start":{"line":34,"column":39},"end":{"line":36,"column":3}},"line":34},"4":{"name":"(anonymous_4)","decl":{"start":{"line":42,"column":2},"end":{"line":42,"column":3}},"loc":{"start":{"line":42,"column":39},"end":{"line":44,"column":3}},"line":42}},"branchMap":{"0":{"loc":{"start":{"line":18,"column":14},"end":{"line":18,"column":35}},"type":"default-arg","locations":[{"start":{"line":18,"column":24},"end":{"line":18,"column":35}}],"line":18},"1":{"loc":{"start":{"line":26,"column":14},"end":{"line":26,"column":38}},"type":"default-arg","locations":[{"start":{"line":26,"column":24},"end":{"line":26,"column":38}}],"line":26},"2":{"loc":{"start":{"line":34,"column":14},"end":{"line":34,"column":37}},"type":"default-arg","locations":[{"start":{"line":34,"column":24},"end":{"line":34,"column":37}}],"line":34},"3":{"loc":{"start":{"line":42,"column":14},"end":{"line":42,"column":37}},"type":"default-arg","locations":[{"start":{"line":42,"column":24},"end":{"line":42,"column":37}}],"line":42}},"s":{"0":45,"1":45,"2":45,"3":14,"4":12,"5":19,"6":0,"7":8},"f":{"0":45,"1":14,"2":12,"3":19,"4":0},"b":{"0":[2],"1":[8],"2":[0],"3":[0]},"_coverageSchema":"1a1c01bbd47fc00a2c39e90264f33305004495a9","hash":"91ab53144ba935268c2e5fdd24e36ee0c7bf9f3d"}
,"/Users/lepham/Desktop/sprint/express-jobly/helpers/sql.js": {"path":"/Users/lepham/Desktop/sprint/express-jobly/helpers/sql.js","statementMap":{"0":{"start":{"line":1,"column":28},"end":{"line":1,"column":54}},"1":{"start":{"line":18,"column":15},"end":{"line":18,"column":40}},"2":{"start":{"line":20,"column":2},"end":{"line":20,"column":62}},"3":{"start":{"line":20,"column":25},"end":{"line":20,"column":62}},"4":{"start":{"line":23,"column":15},"end":{"line":25,"column":3}},"5":{"start":{"line":24,"column":6},"end":{"line":24,"column":52}},"6":{"start":{"line":27,"column":2},"end":{"line":32,"column":4}},"7":{"start":{"line":35,"column":0},"end":{"line":35,"column":41}}},"fnMap":{"0":{"name":"sqlForPartialUpdate","decl":{"start":{"line":17,"column":9},"end":{"line":17,"column":28}},"loc":{"start":{"line":17,"column":52},"end":{"line":33,"column":1}},"line":17},"1":{"name":"(anonymous_1)","decl":{"start":{"line":23,"column":24},"end":{"line":23,"column":25}},"loc":{"start":{"line":24,"column":6},"end":{"line":24,"column":52}},"line":24}},"branchMap":{"0":{"loc":{"start":{"line":20,"column":2},"end":{"line":20,"column":62}},"type":"if","locations":[{"start":{"line":20,"column":2},"end":{"line":20,"column":62}},{"start":{},"end":{}}],"line":20},"1":{"loc":{"start":{"line":24,"column":10},"end":{"line":24,"column":37}},"type":"binary-expr","locations":[{"start":{"line":24,"column":10},"end":{"line":24,"column":26}},{"start":{"line":24,"column":30},"end":{"line":24,"column":37}}],"line":24}},"s":{"0":7,"1":16,"2":16,"3":3,"4":13,"5":29,"6":13,"7":7},"f":{"0":16,"1":29},"b":{"0":[3,13],"1":[29,15]},"_coverageSchema":"1a1c01bbd47fc00a2c39e90264f33305004495a9","hash":"1246b0090f2f39443aa054c0fcb9a52d55ac52a9"}
,"/Users/lepham/Desktop/sprint/express-jobly/helpers/tokens.js": {"path":"/Users/lepham/Desktop/sprint/express-jobly/helpers/tokens.js","statementMap":{"0":{"start":{"line":1,"column":12},"end":{"line":1,"column":35}},"1":{"start":{"line":2,"column":23},"end":{"line":2,"column":43}},"2":{"start":{"line":7,"column":2},"end":{"line":8,"column":58}},"3":{"start":{"line":10,"column":16},"end":{"line":13,"column":3}},"4":{"start":{"line":15,"column":2},"end":{"line":15,"column":39}},"5":{"start":{"line":18,"column":0},"end":{"line":18,"column":33}}},"fnMap":{"0":{"name":"createToken","decl":{"start":{"line":6,"column":9},"end":{"line":6,"column":20}},"loc":{"start":{"line":6,"column":27},"end":{"line":16,"column":1}},"line":6}},"branchMap":{"0":{"loc":{"start":{"line":12,"column":13},"end":{"line":12,"column":34}},"type":"binary-expr","locations":[{"start":{"line":12,"column":13},"end":{"line":12,"column":25}},{"start":{"line":12,"column":29},"end":{"line":12,"column":34}}],"line":12}},"s":{"0":5,"1":5,"2":10,"3":10,"4":10,"5":5},"f":{"0":10},"b":{"0":[10,8]},"_coverageSchema":"1a1c01bbd47fc00a2c39e90264f33305004495a9","hash":"cd0a31c0b0017126c8bb61a7ef090738b23530af"}
,"/Users/lepham/Desktop/sprint/express-jobly/middleware/auth.js": {"path":"/Users/lepham/Desktop/sprint/express-jobly/middleware/auth.js","statementMap":{"0":{"start":{"line":5,"column":12},"end":{"line":5,"column":35}},"1":{"start":{"line":6,"column":23},"end":{"line":6,"column":43}},"2":{"start":{"line":7,"column":30},"end":{"line":7,"column":56}},"3":{"start":{"line":19,"column":2},"end":{"line":28,"column":3}},"4":{"start":{"line":20,"column":23},"end":{"line":20,"column":63}},"5":{"start":{"line":21,"column":4},"end":{"line":24,"column":5}},"6":{"start":{"line":22,"column":20},"end":{"line":22,"column":64}},"7":{"start":{"line":23,"column":6},"end":{"line":23,"column":54}},"8":{"start":{"line":25,"column":4},"end":{"line":25,"column":18}},"9":{"start":{"line":27,"column":4},"end":{"line":27,"column":18}},"10":{"start":{"line":37,"column":2},"end":{"line":42,"column":3}},"11":{"start":{"line":38,"column":4},"end":{"line":38,"column":56}},"12":{"start":{"line":38,"column":26},"end":{"line":38,"column":56}},"13":{"start":{"line":39,"column":4},"end":{"line":39,"column":18}},"14":{"start":{"line":41,"column":4},"end":{"line":41,"column":21}},"15":{"start":{"line":46,"column":0},"end":{"line":49,"column":2}}},"fnMap":{"0":{"name":"authenticateJWT","decl":{"start":{"line":18,"column":9},"end":{"line":18,"column":24}},"loc":{"start":{"line":18,"column":41},"end":{"line":29,"column":1}},"line":18},"1":{"name":"ensureLoggedIn","decl":{"start":{"line":36,"column":9},"end":{"line":36,"column":23}},"loc":{"start":{"line":36,"column":40},"end":{"line":43,"column":1}},"line":36}},"branchMap":{"0":{"loc":{"start":{"line":20,"column":23},"end":{"line":20,"column":63}},"type":"binary-expr","locations":[{"start":{"line":20,"column":23},"end":{"line":20,"column":34}},{"start":{"line":20,"column":38},"end":{"line":20,"column":63}}],"line":20},"1":{"loc":{"start":{"line":21,"column":4},"end":{"line":24,"column":5}},"type":"if","locations":[{"start":{"line":21,"column":4},"end":{"line":24,"column":5}},{"start":{},"end":{}}],"line":21},"2":{"loc":{"start":{"line":38,"column":4},"end":{"line":38,"column":56}},"type":"if","locations":[{"start":{"line":38,"column":4},"end":{"line":38,"column":56}},{"start":{},"end":{}}],"line":38}},"s":{"0":5,"1":5,"2":5,"3":57,"4":57,"5":57,"6":26,"7":26,"8":56,"9":1,"10":32,"11":32,"12":8,"13":24,"14":8,"15":5},"f":{"0":57,"1":32},"b":{"0":[57,56],"1":[26,31],"2":[8,24]},"_coverageSchema":"1a1c01bbd47fc00a2c39e90264f33305004495a9","hash":"e540a8c1cdf5df7f3a514b6de57fa66b31ce0a5f"}
,"/Users/lepham/Desktop/sprint/express-jobly/models/_testCommon.js": {"path":"/Users/lepham/Desktop/sprint/express-jobly/models/_testCommon.js","statementMap":{"0":{"start":{"line":1,"column":15},"end":{"line":1,"column":32}},"1":{"start":{"line":3,"column":11},"end":{"line":3,"column":30}},"2":{"start":{"line":4,"column":31},"end":{"line":4,"column":51}},"3":{"start":{"line":8,"column":2},"end":{"line":8,"column":42}},"4":{"start":{"line":10,"column":2},"end":{"line":10,"column":38}},"5":{"start":{"line":12,"column":2},"end":{"line":16,"column":55}},"6":{"start":{"line":18,"column":2},"end":{"line":30,"column":9}},"7":{"start":{"line":34,"column":2},"end":{"line":34,"column":26}},"8":{"start":{"line":38,"column":2},"end":{"line":38,"column":29}},"9":{"start":{"line":42,"column":2},"end":{"line":42,"column":17}},"10":{"start":{"line":46,"column":0},"end":{"line":51,"column":2}}},"fnMap":{"0":{"name":"commonBeforeAll","decl":{"start":{"line":6,"column":15},"end":{"line":6,"column":30}},"loc":{"start":{"line":6,"column":33},"end":{"line":31,"column":1}},"line":6},"1":{"name":"commonBeforeEach","decl":{"start":{"line":33,"column":15},"end":{"line":33,"column":31}},"loc":{"start":{"line":33,"column":34},"end":{"line":35,"column":1}},"line":33},"2":{"name":"commonAfterEach","decl":{"start":{"line":37,"column":15},"end":{"line":37,"column":30}},"loc":{"start":{"line":37,"column":33},"end":{"line":39,"column":1}},"line":37},"3":{"name":"commonAfterAll","decl":{"start":{"line":41,"column":15},"end":{"line":41,"column":29}},"loc":{"start":{"line":41,"column":32},"end":{"line":43,"column":1}},"line":41}},"branchMap":{},"s":{"0":2,"1":2,"2":2,"3":2,"4":2,"5":2,"6":2,"7":37,"8":37,"9":2,"10":2},"f":{"0":2,"1":37,"2":37,"3":2},"b":{},"_coverageSchema":"1a1c01bbd47fc00a2c39e90264f33305004495a9","hash":"c72bb5777c10453864eac05a71e89a30b9c1adb3"}
,"/Users/lepham/Desktop/sprint/express-jobly/models/company.js": {"path":"/Users/lepham/Desktop/sprint/express-jobly/models/company.js","statementMap":{"0":{"start":{"line":3,"column":11},"end":{"line":3,"column":27}},"1":{"start":{"line":4,"column":43},"end":{"line":4,"column":69}},"2":{"start":{"line":5,"column":32},"end":{"line":5,"column":57}},"3":{"start":{"line":20,"column":27},"end":{"line":24,"column":17}},"4":{"start":{"line":26,"column":4},"end":{"line":27,"column":64}},"5":{"start":{"line":27,"column":6},"end":{"line":27,"column":64}},"6":{"start":{"line":29,"column":19},"end":{"line":46,"column":5}},"7":{"start":{"line":47,"column":20},"end":{"line":47,"column":34}},"8":{"start":{"line":49,"column":4},"end":{"line":49,"column":19}},"9":{"start":{"line":56,"column":19},"end":{"line":56,"column":21}},"10":{"start":{"line":57,"column":25},"end":{"line":57,"column":27}},"11":{"start":{"line":60,"column":4},"end":{"line":63,"column":5}},"12":{"start":{"line":61,"column":6},"end":{"line":61,"column":35}},"13":{"start":{"line":62,"column":6},"end":{"line":62,"column":55}},"14":{"start":{"line":64,"column":4},"end":{"line":67,"column":5}},"15":{"start":{"line":65,"column":6},"end":{"line":65,"column":32}},"16":{"start":{"line":66,"column":6},"end":{"line":66,"column":61}},"17":{"start":{"line":68,"column":4},"end":{"line":71,"column":5}},"18":{"start":{"line":69,"column":6},"end":{"line":69,"column":32}},"19":{"start":{"line":70,"column":6},"end":{"line":70,"column":61}},"20":{"start":{"line":74,"column":4},"end":{"line":76,"column":5}},"21":{"start":{"line":75,"column":6},"end":{"line":75,"column":65}},"22":{"start":{"line":78,"column":4},"end":{"line":83,"column":5}},"23":{"start":{"line":79,"column":6},"end":{"line":79,"column":51}},"24":{"start":{"line":82,"column":6},"end":{"line":82,"column":17}},"25":{"start":{"line":84,"column":4},"end":{"line":87,"column":5}},"26":{"start":{"line":97,"column":30},"end":{"line":97,"column":53}},"27":{"start":{"line":98,"column":25},"end":{"line":105,"column":34}},"28":{"start":{"line":106,"column":4},"end":{"line":106,"column":29}},"29":{"start":{"line":111,"column":23},"end":{"line":119,"column":17}},"30":{"start":{"line":121,"column":20},"end":{"line":121,"column":38}},"31":{"start":{"line":123,"column":4},"end":{"line":123,"column":67}},"32":{"start":{"line":123,"column":18},"end":{"line":123,"column":67}},"33":{"start":{"line":125,"column":4},"end":{"line":125,"column":19}},"34":{"start":{"line":141,"column":32},"end":{"line":146,"column":10}},"35":{"start":{"line":147,"column":25},"end":{"line":147,"column":50}},"36":{"start":{"line":149,"column":21},"end":{"line":153,"column":100}},"37":{"start":{"line":154,"column":19},"end":{"line":154,"column":64}},"38":{"start":{"line":155,"column":20},"end":{"line":155,"column":34}},"39":{"start":{"line":157,"column":4},"end":{"line":157,"column":67}},"40":{"start":{"line":157,"column":18},"end":{"line":157,"column":67}},"41":{"start":{"line":159,"column":4},"end":{"line":159,"column":19}},"42":{"start":{"line":168,"column":19},"end":{"line":173,"column":17}},"43":{"start":{"line":174,"column":20},"end":{"line":174,"column":34}},"44":{"start":{"line":176,"column":4},"end":{"line":176,"column":67}},"45":{"start":{"line":176,"column":18},"end":{"line":176,"column":67}},"46":{"start":{"line":181,"column":0},"end":{"line":181,"column":25}}},"fnMap":{"0":{"name":"(anonymous_0)","decl":{"start":{"line":19,"column":2},"end":{"line":19,"column":3}},"loc":{"start":{"line":19,"column":76},"end":{"line":50,"column":3}},"line":19},"1":{"name":"(anonymous_1)","decl":{"start":{"line":55,"column":2},"end":{"line":55,"column":3}},"loc":{"start":{"line":55,"column":62},"end":{"line":88,"column":3}},"line":55},"2":{"name":"(anonymous_2)","decl":{"start":{"line":96,"column":2},"end":{"line":96,"column":3}},"loc":{"start":{"line":96,"column":34},"end":{"line":107,"column":3}},"line":96},"3":{"name":"(anonymous_3)","decl":{"start":{"line":110,"column":2},"end":{"line":110,"column":3}},"loc":{"start":{"line":110,"column":27},"end":{"line":126,"column":3}},"line":110},"4":{"name":"(anonymous_4)","decl":{"start":{"line":140,"column":2},"end":{"line":140,"column":3}},"loc":{"start":{"line":140,"column":36},"end":{"line":160,"column":3}},"line":140},"5":{"name":"(anonymous_5)","decl":{"start":{"line":167,"column":2},"end":{"line":167,"column":3}},"loc":{"start":{"line":167,"column":30},"end":{"line":177,"column":3}},"line":167}},"branchMap":{"0":{"loc":{"start":{"line":26,"column":4},"end":{"line":27,"column":64}},"type":"if","locations":[{"start":{"line":26,"column":4},"end":{"line":27,"column":64}},{"start":{},"end":{}}],"line":26},"1":{"loc":{"start":{"line":60,"column":4},"end":{"line":63,"column":5}},"type":"if","locations":[{"start":{"line":60,"column":4},"end":{"line":63,"column":5}},{"start":{},"end":{}}],"line":60},"2":{"loc":{"start":{"line":64,"column":4},"end":{"line":67,"column":5}},"type":"if","locations":[{"start":{"line":64,"column":4},"end":{"line":67,"column":5}},{"start":{},"end":{}}],"line":64},"3":{"loc":{"start":{"line":68,"column":4},"end":{"line":71,"column":5}},"type":"if","locations":[{"start":{"line":68,"column":4},"end":{"line":71,"column":5}},{"start":{},"end":{}}],"line":68},"4":{"loc":{"start":{"line":68,"column":7},"end":{"line":68,"column":41}},"type":"binary-expr","locations":[{"start":{"line":68,"column":7},"end":{"line":68,"column":19}},{"start":{"line":68,"column":23},"end":{"line":68,"column":41}}],"line":68},"5":{"loc":{"start":{"line":74,"column":4},"end":{"line":76,"column":5}},"type":"if","locations":[{"start":{"line":74,"column":4},"end":{"line":76,"column":5}},{"start":{},"end":{}}],"line":74},"6":{"loc":{"start":{"line":74,"column":7},"end":{"line":74,"column":66}},"type":"binary-expr","locations":[{"start":{"line":74,"column":7},"end":{"line":74,"column":19}},{"start":{"line":74,"column":23},"end":{"line":74,"column":35}},{"start":{"line":74,"column":39},"end":{"line":74,"column":66}}],"line":74},"7":{"loc":{"start":{"line":78,"column":4},"end":{"line":83,"column":5}},"type":"if","locations":[{"start":{"line":78,"column":4},"end":{"line":83,"column":5}},{"start":{"line":81,"column":9},"end":{"line":83,"column":5}}],"line":78},"8":{"loc":{"start":{"line":96,"column":23},"end":{"line":96,"column":32}},"type":"default-arg","locations":[{"start":{"line":96,"column":30},"end":{"line":96,"column":32}}],"line":96},"9":{"loc":{"start":{"line":123,"column":4},"end":{"line":123,"column":67}},"type":"if","locations":[{"start":{"line":123,"column":4},"end":{"line":123,"column":67}},{"start":{},"end":{}}],"line":123},"10":{"loc":{"start":{"line":157,"column":4},"end":{"line":157,"column":67}},"type":"if","locations":[{"start":{"line":157,"column":4},"end":{"line":157,"column":67}},{"start":{},"end":{}}],"line":157},"11":{"loc":{"start":{"line":176,"column":4},"end":{"line":176,"column":67}},"type":"if","locations":[{"start":{"line":176,"column":4},"end":{"line":176,"column":67}},{"start":{},"end":{}}],"line":176}},"s":{"0":5,"1":5,"2":5,"3":13,"4":13,"5":1,"6":12,"7":12,"8":12,"9":22,"10":22,"11":22,"12":9,"13":9,"14":22,"15":9,"16":9,"17":22,"18":8,"19":8,"20":22,"21":2,"22":20,"23":16,"24":4,"25":20,"26":19,"27":17,"28":16,"29":5,"30":5,"31":5,"32":2,"33":3,"34":6,"35":5,"36":5,"37":5,"38":5,"39":5,"40":2,"41":3,"42":4,"43":4,"44":4,"45":2,"46":5},"f":{"0":13,"1":22,"2":19,"3":5,"4":6,"5":4},"b":{"0":[1,12],"1":[9,13],"2":[9,13],"3":[8,14],"4":[22,15],"5":[2,20],"6":[22,9,5],"7":[16,4],"8":[1],"9":[2,3],"10":[2,3],"11":[2,2]},"_coverageSchema":"1a1c01bbd47fc00a2c39e90264f33305004495a9","hash":"737604ecf64388d731f720f367161832968e2145"}
,"/Users/lepham/Desktop/sprint/express-jobly/models/user.js": {"path":"/Users/lepham/Desktop/sprint/express-jobly/models/user.js","statementMap":{"0":{"start":{"line":3,"column":11},"end":{"line":3,"column":27}},"1":{"start":{"line":4,"column":15},"end":{"line":4,"column":32}},"2":{"start":{"line":5,"column":32},"end":{"line":5,"column":57}},"3":{"start":{"line":10,"column":4},"end":{"line":10,"column":30}},"4":{"start":{"line":12,"column":31},"end":{"line":12,"column":54}},"5":{"start":{"line":26,"column":19},"end":{"line":36,"column":5}},"6":{"start":{"line":38,"column":17},"end":{"line":38,"column":31}},"7":{"start":{"line":40,"column":4},"end":{"line":47,"column":5}},"8":{"start":{"line":42,"column":22},"end":{"line":42,"column":67}},"9":{"start":{"line":43,"column":6},"end":{"line":46,"column":7}},"10":{"start":{"line":44,"column":8},"end":{"line":44,"column":29}},"11":{"start":{"line":45,"column":8},"end":{"line":45,"column":20}},"12":{"start":{"line":49,"column":4},"end":{"line":49,"column":61}},"13":{"start":{"line":61,"column":27},"end":{"line":66,"column":5}},"14":{"start":{"line":68,"column":4},"end":{"line":70,"column":5}},"15":{"start":{"line":69,"column":6},"end":{"line":69,"column":67}},"16":{"start":{"line":72,"column":27},"end":{"line":72,"column":74}},"17":{"start":{"line":74,"column":19},"end":{"line":92,"column":5}},"18":{"start":{"line":94,"column":17},"end":{"line":94,"column":31}},"19":{"start":{"line":96,"column":4},"end":{"line":96,"column":16}},"20":{"start":{"line":105,"column":19},"end":{"line":113,"column":5}},"21":{"start":{"line":115,"column":4},"end":{"line":115,"column":23}},"22":{"start":{"line":127,"column":20},"end":{"line":136,"column":5}},"23":{"start":{"line":138,"column":17},"end":{"line":138,"column":32}},"24":{"start":{"line":140,"column":4},"end":{"line":140,"column":63}},"25":{"start":{"line":140,"column":15},"end":{"line":140,"column":63}},"26":{"start":{"line":142,"column":4},"end":{"line":142,"column":16}},"27":{"start":{"line":163,"column":4},"end":{"line":165,"column":5}},"28":{"start":{"line":164,"column":6},"end":{"line":164,"column":75}},"29":{"start":{"line":167,"column":32},"end":{"line":173,"column":10}},"30":{"start":{"line":174,"column":27},"end":{"line":174,"column":52}},"31":{"start":{"line":176,"column":21},"end":{"line":183,"column":54}},"32":{"start":{"line":184,"column":19},"end":{"line":184,"column":66}},"33":{"start":{"line":185,"column":17},"end":{"line":185,"column":31}},"34":{"start":{"line":187,"column":4},"end":{"line":187,"column":63}},"35":{"start":{"line":187,"column":15},"end":{"line":187,"column":63}},"36":{"start":{"line":189,"column":4},"end":{"line":189,"column":25}},"37":{"start":{"line":190,"column":4},"end":{"line":190,"column":16}},"38":{"start":{"line":196,"column":17},"end":{"line":202,"column":5}},"39":{"start":{"line":203,"column":17},"end":{"line":203,"column":31}},"40":{"start":{"line":205,"column":4},"end":{"line":205,"column":63}},"41":{"start":{"line":205,"column":15},"end":{"line":205,"column":63}},"42":{"start":{"line":210,"column":0},"end":{"line":210,"column":22}}},"fnMap":{"0":{"name":"(anonymous_0)","decl":{"start":{"line":24,"column":2},"end":{"line":24,"column":3}},"loc":{"start":{"line":24,"column":48},"end":{"line":50,"column":3}},"line":24},"1":{"name":"(anonymous_1)","decl":{"start":{"line":59,"column":2},"end":{"line":59,"column":3}},"loc":{"start":{"line":60,"column":67},"end":{"line":97,"column":3}},"line":60},"2":{"name":"(anonymous_2)","decl":{"start":{"line":104,"column":2},"end":{"line":104,"column":3}},"loc":{"start":{"line":104,"column":25},"end":{"line":116,"column":3}},"line":104},"3":{"name":"(anonymous_3)","decl":{"start":{"line":126,"column":2},"end":{"line":126,"column":3}},"loc":{"start":{"line":126,"column":29},"end":{"line":143,"column":3}},"line":126},"4":{"name":"(anonymous_4)","decl":{"start":{"line":162,"column":2},"end":{"line":162,"column":3}},"loc":{"start":{"line":162,"column":38},"end":{"line":191,"column":3}},"line":162},"5":{"name":"(anonymous_5)","decl":{"start":{"line":195,"column":2},"end":{"line":195,"column":3}},"loc":{"start":{"line":195,"column":32},"end":{"line":206,"column":3}},"line":195}},"branchMap":{"0":{"loc":{"start":{"line":40,"column":4},"end":{"line":47,"column":5}},"type":"if","locations":[{"start":{"line":40,"column":4},"end":{"line":47,"column":5}},{"start":{},"end":{}}],"line":40},"1":{"loc":{"start":{"line":43,"column":6},"end":{"line":46,"column":7}},"type":"if","locations":[{"start":{"line":43,"column":6},"end":{"line":46,"column":7}},{"start":{},"end":{}}],"line":43},"2":{"loc":{"start":{"line":68,"column":4},"end":{"line":70,"column":5}},"type":"if","locations":[{"start":{"line":68,"column":4},"end":{"line":70,"column":5}},{"start":{},"end":{}}],"line":68},"3":{"loc":{"start":{"line":140,"column":4},"end":{"line":140,"column":63}},"type":"if","locations":[{"start":{"line":140,"column":4},"end":{"line":140,"column":63}},{"start":{},"end":{}}],"line":140},"4":{"loc":{"start":{"line":163,"column":4},"end":{"line":165,"column":5}},"type":"if","locations":[{"start":{"line":163,"column":4},"end":{"line":165,"column":5}},{"start":{},"end":{}}],"line":163},"5":{"loc":{"start":{"line":187,"column":4},"end":{"line":187,"column":63}},"type":"if","locations":[{"start":{"line":187,"column":4},"end":{"line":187,"column":63}},{"start":{},"end":{}}],"line":187},"6":{"loc":{"start":{"line":205,"column":4},"end":{"line":205,"column":63}},"type":"if","locations":[{"start":{"line":205,"column":4},"end":{"line":205,"column":63}},{"start":{},"end":{}}],"line":205}},"s":{"0":5,"1":5,"2":5,"3":5,"4":5,"5":7,"6":7,"7":7,"8":4,"9":4,"10":3,"11":3,"12":4,"13":16,"14":16,"15":1,"16":15,"17":15,"18":15,"19":15,"20":3,"21":2,"22":4,"23":4,"24":4,"25":2,"26":2,"27":7,"28":2,"29":7,"30":6,"31":6,"32":6,"33":6,"34":6,"35":2,"36":4,"37":4,"38":4,"39":4,"40":4,"41":2,"42":5},"f":{"0":7,"1":16,"2":3,"3":4,"4":7,"5":4},"b":{"0":[4,3],"1":[3,1],"2":[1,15],"3":[2,2],"4":[2,5],"5":[2,4],"6":[2,2]},"_coverageSchema":"1a1c01bbd47fc00a2c39e90264f33305004495a9","hash":"4b5ac6aea51a0eb0520c202ed050e7a4dcb3412b"}
,"/Users/lepham/Desktop/sprint/express-jobly/routes/_testCommon.js": {"path":"/Users/lepham/Desktop/sprint/express-jobly/routes/_testCommon.js","statementMap":{"0":{"start":{"line":3,"column":11},"end":{"line":3,"column":30}},"1":{"start":{"line":4,"column":13},"end":{"line":4,"column":38}},"2":{"start":{"line":5,"column":16},"end":{"line":5,"column":44}},"3":{"start":{"line":6,"column":24},"end":{"line":6,"column":52}},"4":{"start":{"line":10,"column":2},"end":{"line":10,"column":38}},"5":{"start":{"line":12,"column":2},"end":{"line":12,"column":42}},"6":{"start":{"line":14,"column":2},"end":{"line":21,"column":9}},"7":{"start":{"line":22,"column":2},"end":{"line":29,"column":9}},"8":{"start":{"line":30,"column":2},"end":{"line":37,"column":9}},"9":{"start":{"line":39,"column":2},"end":{"line":46,"column":5}},"10":{"start":{"line":47,"column":2},"end":{"line":54,"column":5}},"11":{"start":{"line":55,"column":2},"end":{"line":62,"column":5}},"12":{"start":{"line":66,"column":2},"end":{"line":66,"column":26}},"13":{"start":{"line":70,"column":2},"end":{"line":70,"column":29}},"14":{"start":{"line":74,"column":2},"end":{"line":74,"column":17}},"15":{"start":{"line":78,"column":16},"end":{"line":78,"column":63}},"16":{"start":{"line":81,"column":0},"end":{"line":87,"column":2}}},"fnMap":{"0":{"name":"commonBeforeAll","decl":{"start":{"line":8,"column":15},"end":{"line":8,"column":30}},"loc":{"start":{"line":8,"column":33},"end":{"line":63,"column":1}},"line":8},"1":{"name":"commonBeforeEach","decl":{"start":{"line":65,"column":15},"end":{"line":65,"column":31}},"loc":{"start":{"line":65,"column":34},"end":{"line":67,"column":1}},"line":65},"2":{"name":"commonAfterEach","decl":{"start":{"line":69,"column":15},"end":{"line":69,"column":30}},"loc":{"start":{"line":69,"column":33},"end":{"line":71,"column":1}},"line":69},"3":{"name":"commonAfterAll","decl":{"start":{"line":73,"column":15},"end":{"line":73,"column":29}},"loc":{"start":{"line":73,"column":32},"end":{"line":75,"column":1}},"line":73}},"branchMap":{},"s":{"0":3,"1":3,"2":3,"3":3,"4":3,"5":3,"6":3,"7":3,"8":3,"9":3,"10":3,"11":3,"12":52,"13":52,"14":3,"15":3,"16":3},"f":{"0":3,"1":52,"2":52,"3":3},"b":{},"_coverageSchema":"1a1c01bbd47fc00a2c39e90264f33305004495a9","hash":"71380d1eaf677c441a6c02aeabd900c1cc033f10"}
,"/Users/lepham/Desktop/sprint/express-jobly/routes/auth.js": {"path":"/Users/lepham/Desktop/sprint/express-jobly/routes/auth.js","statementMap":{"0":{"start":{"line":5,"column":19},"end":{"line":5,"column":40}},"1":{"start":{"line":7,"column":13},"end":{"line":7,"column":38}},"2":{"start":{"line":8,"column":16},"end":{"line":8,"column":34}},"3":{"start":{"line":9,"column":15},"end":{"line":9,"column":35}},"4":{"start":{"line":10,"column":24},"end":{"line":10,"column":52}},"5":{"start":{"line":11,"column":23},"end":{"line":11,"column":58}},"6":{"start":{"line":12,"column":27},"end":{"line":12,"column":66}},"7":{"start":{"line":13,"column":28},"end":{"line":13,"column":54}},"8":{"start":{"line":22,"column":0},"end":{"line":37,"column":3}},"9":{"start":{"line":23,"column":20},"end":{"line":27,"column":3}},"10":{"start":{"line":28,"column":2},"end":{"line":31,"column":3}},"11":{"start":{"line":29,"column":17},"end":{"line":29,"column":51}},"12":{"start":{"line":29,"column":43},"end":{"line":29,"column":50}},"13":{"start":{"line":30,"column":4},"end":{"line":30,"column":36}},"14":{"start":{"line":33,"column":33},"end":{"line":33,"column":41}},"15":{"start":{"line":34,"column":15},"end":{"line":34,"column":58}},"16":{"start":{"line":35,"column":16},"end":{"line":35,"column":33}},"17":{"start":{"line":36,"column":2},"end":{"line":36,"column":29}},"18":{"start":{"line":49,"column":0},"end":{"line":63,"column":3}},"19":{"start":{"line":50,"column":20},"end":{"line":54,"column":3}},"20":{"start":{"line":55,"column":2},"end":{"line":58,"column":3}},"21":{"start":{"line":56,"column":17},"end":{"line":56,"column":51}},"22":{"start":{"line":56,"column":43},"end":{"line":56,"column":50}},"23":{"start":{"line":57,"column":4},"end":{"line":57,"column":36}},"24":{"start":{"line":60,"column":18},"end":{"line":60,"column":70}},"25":{"start":{"line":61,"column":16},"end":{"line":61,"column":36}},"26":{"start":{"line":62,"column":2},"end":{"line":62,"column":41}},"27":{"start":{"line":66,"column":0},"end":{"line":66,"column":24}}},"fnMap":{"0":{"name":"(anonymous_0)","decl":{"start":{"line":22,"column":22},"end":{"line":22,"column":23}},"loc":{"start":{"line":22,"column":54},"end":{"line":37,"column":1}},"line":22},"1":{"name":"(anonymous_1)","decl":{"start":{"line":29,"column":38},"end":{"line":29,"column":39}},"loc":{"start":{"line":29,"column":43},"end":{"line":29,"column":50}},"line":29},"2":{"name":"(anonymous_2)","decl":{"start":{"line":49,"column":25},"end":{"line":49,"column":26}},"loc":{"start":{"line":49,"column":57},"end":{"line":63,"column":1}},"line":49},"3":{"name":"(anonymous_3)","decl":{"start":{"line":56,"column":38},"end":{"line":56,"column":39}},"loc":{"start":{"line":56,"column":43},"end":{"line":56,"column":50}},"line":56}},"branchMap":{"0":{"loc":{"start":{"line":28,"column":2},"end":{"line":31,"column":3}},"type":"if","locations":[{"start":{"line":28,"column":2},"end":{"line":31,"column":3}},{"start":{},"end":{}}],"line":28},"1":{"loc":{"start":{"line":55,"column":2},"end":{"line":58,"column":3}},"type":"if","locations":[{"start":{"line":55,"column":2},"end":{"line":58,"column":3}},{"start":{},"end":{}}],"line":55}},"s":{"0":4,"1":4,"2":4,"3":4,"4":4,"5":4,"6":4,"7":4,"8":4,"9":5,"10":5,"11":2,"12":2,"13":2,"14":3,"15":3,"16":1,"17":1,"18":4,"19":3,"20":3,"21":2,"22":5,"23":2,"24":1,"25":1,"26":1,"27":4},"f":{"0":5,"1":2,"2":3,"3":5},"b":{"0":[2,3],"1":[2,1]},"_coverageSchema":"1a1c01bbd47fc00a2c39e90264f33305004495a9","hash":"5ca0b2251967907a82286fa59d0848983d6439b1"}
,"/Users/lepham/Desktop/sprint/express-jobly/routes/companies.js": {"path":"/Users/lepham/Desktop/sprint/express-jobly/routes/companies.js","statementMap":{"0":{"start":{"line":5,"column":19},"end":{"line":5,"column":40}},"1":{"start":{"line":6,"column":16},"end":{"line":6,"column":34}},"2":{"start":{"line":8,"column":28},"end":{"line":8,"column":54}},"3":{"start":{"line":9,"column":27},"end":{"line":9,"column":56}},"4":{"start":{"line":10,"column":16},"end":{"line":10,"column":44}},"5":{"start":{"line":12,"column":25},"end":{"line":12,"column":62}},"6":{"start":{"line":13,"column":28},"end":{"line":13,"column":68}},"7":{"start":{"line":14,"column":34},"end":{"line":14,"column":70}},"8":{"start":{"line":16,"column":15},"end":{"line":16,"column":35}},"9":{"start":{"line":28,"column":0},"end":{"line":41,"column":3}},"10":{"start":{"line":29,"column":20},"end":{"line":33,"column":3}},"11":{"start":{"line":34,"column":2},"end":{"line":37,"column":3}},"12":{"start":{"line":35,"column":17},"end":{"line":35,"column":51}},"13":{"start":{"line":35,"column":43},"end":{"line":35,"column":50}},"14":{"start":{"line":36,"column":4},"end":{"line":36,"column":36}},"15":{"start":{"line":39,"column":18},"end":{"line":39,"column":48}},"16":{"start":{"line":40,"column":2},"end":{"line":40,"column":43}},"17":{"start":{"line":54,"column":0},"end":{"line":77,"column":3}},"18":{"start":{"line":56,"column":13},"end":{"line":56,"column":15}},"19":{"start":{"line":57,"column":26},"end":{"line":57,"column":70}},"20":{"start":{"line":59,"column":20},"end":{"line":59,"column":29}},"21":{"start":{"line":61,"column":2},"end":{"line":70,"column":3}},"22":{"start":{"line":62,"column":4},"end":{"line":65,"column":5}},"23":{"start":{"line":63,"column":18},"end":{"line":63,"column":52}},"24":{"start":{"line":64,"column":6},"end":{"line":64,"column":61}},"25":{"start":{"line":66,"column":21},"end":{"line":66,"column":39}},"26":{"start":{"line":67,"column":25},"end":{"line":67,"column":55}},"27":{"start":{"line":68,"column":25},"end":{"line":68,"column":55}},"28":{"start":{"line":69,"column":4},"end":{"line":69,"column":52}},"29":{"start":{"line":72,"column":20},"end":{"line":72,"column":47}},"30":{"start":{"line":73,"column":2},"end":{"line":75,"column":3}},"31":{"start":{"line":74,"column":4},"end":{"line":74,"column":53}},"32":{"start":{"line":76,"column":2},"end":{"line":76,"column":33}},"33":{"start":{"line":87,"column":0},"end":{"line":90,"column":3}},"34":{"start":{"line":88,"column":18},"end":{"line":88,"column":54}},"35":{"start":{"line":89,"column":2},"end":{"line":89,"column":31}},"36":{"start":{"line":103,"column":0},"end":{"line":116,"column":3}},"37":{"start":{"line":104,"column":20},"end":{"line":108,"column":3}},"38":{"start":{"line":109,"column":2},"end":{"line":112,"column":3}},"39":{"start":{"line":110,"column":17},"end":{"line":110,"column":51}},"40":{"start":{"line":110,"column":43},"end":{"line":110,"column":50}},"41":{"start":{"line":111,"column":4},"end":{"line":111,"column":36}},"42":{"start":{"line":114,"column":18},"end":{"line":114,"column":67}},"43":{"start":{"line":115,"column":2},"end":{"line":115,"column":31}},"44":{"start":{"line":123,"column":0},"end":{"line":126,"column":3}},"45":{"start":{"line":124,"column":2},"end":{"line":124,"column":42}},"46":{"start":{"line":125,"column":2},"end":{"line":125,"column":50}},"47":{"start":{"line":129,"column":0},"end":{"line":129,"column":24}}},"fnMap":{"0":{"name":"(anonymous_0)","decl":{"start":{"line":28,"column":33},"end":{"line":28,"column":34}},"loc":{"start":{"line":28,"column":65},"end":{"line":41,"column":1}},"line":28},"1":{"name":"(anonymous_1)","decl":{"start":{"line":35,"column":38},"end":{"line":35,"column":39}},"loc":{"start":{"line":35,"column":43},"end":{"line":35,"column":50}},"line":35},"2":{"name":"(anonymous_2)","decl":{"start":{"line":54,"column":16},"end":{"line":54,"column":17}},"loc":{"start":{"line":54,"column":48},"end":{"line":77,"column":1}},"line":54},"3":{"name":"(anonymous_3)","decl":{"start":{"line":63,"column":6},"end":{"line":63,"column":7}},"loc":{"start":{"line":63,"column":18},"end":{"line":63,"column":52}},"line":63},"4":{"name":"(anonymous_4)","decl":{"start":{"line":87,"column":23},"end":{"line":87,"column":24}},"loc":{"start":{"line":87,"column":55},"end":{"line":90,"column":1}},"line":87},"5":{"name":"(anonymous_5)","decl":{"start":{"line":103,"column":41},"end":{"line":103,"column":42}},"loc":{"start":{"line":103,"column":73},"end":{"line":116,"column":1}},"line":103},"6":{"name":"(anonymous_6)","decl":{"start":{"line":110,"column":38},"end":{"line":110,"column":39}},"loc":{"start":{"line":110,"column":43},"end":{"line":110,"column":50}},"line":110},"7":{"name":"(anonymous_7)","decl":{"start":{"line":123,"column":42},"end":{"line":123,"column":43}},"loc":{"start":{"line":123,"column":74},"end":{"line":126,"column":1}},"line":123}},"branchMap":{"0":{"loc":{"start":{"line":34,"column":2},"end":{"line":37,"column":3}},"type":"if","locations":[{"start":{"line":34,"column":2},"end":{"line":37,"column":3}},{"start":{},"end":{}}],"line":34},"1":{"loc":{"start":{"line":61,"column":2},"end":{"line":70,"column":3}},"type":"if","locations":[{"start":{"line":61,"column":2},"end":{"line":70,"column":3}},{"start":{},"end":{}}],"line":61},"2":{"loc":{"start":{"line":62,"column":4},"end":{"line":65,"column":5}},"type":"if","locations":[{"start":{"line":62,"column":4},"end":{"line":65,"column":5}},{"start":{},"end":{}}],"line":62},"3":{"loc":{"start":{"line":73,"column":2},"end":{"line":75,"column":3}},"type":"if","locations":[{"start":{"line":73,"column":2},"end":{"line":75,"column":3}},{"start":{},"end":{}}],"line":73},"4":{"loc":{"start":{"line":109,"column":2},"end":{"line":112,"column":3}},"type":"if","locations":[{"start":{"line":109,"column":2},"end":{"line":112,"column":3}},{"start":{},"end":{}}],"line":109}},"s":{"0":4,"1":4,"2":4,"3":4,"4":4,"5":4,"6":4,"7":4,"8":4,"9":4,"10":3,"11":3,"12":2,"13":3,"14":2,"15":1,"16":1,"17":4,"18":11,"19":11,"20":11,"21":11,"22":9,"23":13,"24":1,"25":8,"26":8,"27":8,"28":8,"29":10,"30":8,"31":4,"32":4,"33":4,"34":3,"35":2,"36":4,"37":4,"38":4,"39":2,"40":2,"41":2,"42":2,"43":1,"44":4,"45":2,"46":1,"47":4},"f":{"0":3,"1":3,"2":11,"3":13,"4":3,"5":4,"6":2,"7":2},"b":{"0":[2,1],"1":[9,2],"2":[1,8],"3":[4,4],"4":[2,2]},"_coverageSchema":"1a1c01bbd47fc00a2c39e90264f33305004495a9","hash":"c3fd775d233065dfe50eba51a2d99acd0c67f581"}
,"/Users/lepham/Desktop/sprint/express-jobly/routes/users.js": {"path":"/Users/lepham/Desktop/sprint/express-jobly/routes/users.js","statementMap":{"0":{"start":{"line":5,"column":19},"end":{"line":5,"column":40}},"1":{"start":{"line":7,"column":16},"end":{"line":7,"column":34}},"2":{"start":{"line":8,"column":27},"end":{"line":8,"column":56}},"3":{"start":{"line":9,"column":28},"end":{"line":9,"column":54}},"4":{"start":{"line":10,"column":13},"end":{"line":10,"column":38}},"5":{"start":{"line":11,"column":24},"end":{"line":11,"column":52}},"6":{"start":{"line":12,"column":22},"end":{"line":12,"column":56}},"7":{"start":{"line":13,"column":25},"end":{"line":13,"column":62}},"8":{"start":{"line":15,"column":15},"end":{"line":15,"column":31}},"9":{"start":{"line":30,"column":0},"end":{"line":44,"column":3}},"10":{"start":{"line":31,"column":20},"end":{"line":35,"column":3}},"11":{"start":{"line":36,"column":2},"end":{"line":39,"column":3}},"12":{"start":{"line":37,"column":17},"end":{"line":37,"column":51}},"13":{"start":{"line":37,"column":43},"end":{"line":37,"column":50}},"14":{"start":{"line":38,"column":4},"end":{"line":38,"column":36}},"15":{"start":{"line":41,"column":15},"end":{"line":41,"column":44}},"16":{"start":{"line":42,"column":16},"end":{"line":42,"column":33}},"17":{"start":{"line":43,"column":2},"end":{"line":43,"column":47}},"18":{"start":{"line":54,"column":0},"end":{"line":57,"column":3}},"19":{"start":{"line":55,"column":16},"end":{"line":55,"column":36}},"20":{"start":{"line":56,"column":2},"end":{"line":56,"column":29}},"21":{"start":{"line":67,"column":0},"end":{"line":70,"column":3}},"22":{"start":{"line":68,"column":15},"end":{"line":68,"column":50}},"23":{"start":{"line":69,"column":2},"end":{"line":69,"column":28}},"24":{"start":{"line":83,"column":0},"end":{"line":96,"column":3}},"25":{"start":{"line":84,"column":20},"end":{"line":88,"column":3}},"26":{"start":{"line":89,"column":2},"end":{"line":92,"column":3}},"27":{"start":{"line":90,"column":17},"end":{"line":90,"column":51}},"28":{"start":{"line":90,"column":43},"end":{"line":90,"column":50}},"29":{"start":{"line":91,"column":4},"end":{"line":91,"column":36}},"30":{"start":{"line":94,"column":15},"end":{"line":94,"column":63}},"31":{"start":{"line":95,"column":2},"end":{"line":95,"column":28}},"32":{"start":{"line":104,"column":0},"end":{"line":107,"column":3}},"33":{"start":{"line":105,"column":2},"end":{"line":105,"column":41}},"34":{"start":{"line":106,"column":2},"end":{"line":106,"column":52}},"35":{"start":{"line":110,"column":0},"end":{"line":110,"column":24}}},"fnMap":{"0":{"name":"(anonymous_0)","decl":{"start":{"line":30,"column":33},"end":{"line":30,"column":34}},"loc":{"start":{"line":30,"column":65},"end":{"line":44,"column":1}},"line":30},"1":{"name":"(anonymous_1)","decl":{"start":{"line":37,"column":38},"end":{"line":37,"column":39}},"loc":{"start":{"line":37,"column":43},"end":{"line":37,"column":50}},"line":37},"2":{"name":"(anonymous_2)","decl":{"start":{"line":54,"column":32},"end":{"line":54,"column":33}},"loc":{"start":{"line":54,"column":64},"end":{"line":57,"column":1}},"line":54},"3":{"name":"(anonymous_3)","decl":{"start":{"line":67,"column":41},"end":{"line":67,"column":42}},"loc":{"start":{"line":67,"column":73},"end":{"line":70,"column":1}},"line":67},"4":{"name":"(anonymous_4)","decl":{"start":{"line":83,"column":43},"end":{"line":83,"column":44}},"loc":{"start":{"line":83,"column":75},"end":{"line":96,"column":1}},"line":83},"5":{"name":"(anonymous_5)","decl":{"start":{"line":90,"column":38},"end":{"line":90,"column":39}},"loc":{"start":{"line":90,"column":43},"end":{"line":90,"column":50}},"line":90},"6":{"name":"(anonymous_6)","decl":{"start":{"line":104,"column":44},"end":{"line":104,"column":45}},"loc":{"start":{"line":104,"column":76},"end":{"line":107,"column":1}},"line":104}},"branchMap":{"0":{"loc":{"start":{"line":36,"column":2},"end":{"line":39,"column":3}},"type":"if","locations":[{"start":{"line":36,"column":2},"end":{"line":39,"column":3}},{"start":{},"end":{}}],"line":36},"1":{"loc":{"start":{"line":89,"column":2},"end":{"line":92,"column":3}},"type":"if","locations":[{"start":{"line":89,"column":2},"end":{"line":92,"column":3}},{"start":{},"end":{}}],"line":89}},"s":{"0":4,"1":4,"2":4,"3":4,"4":4,"5":4,"6":4,"7":4,"8":4,"9":4,"10":4,"11":4,"12":2,"13":5,"14":2,"15":2,"16":2,"17":2,"18":4,"19":2,"20":1,"21":4,"22":2,"23":1,"24":4,"25":4,"26":4,"27":1,"28":1,"29":1,"30":3,"31":2,"32":4,"33":2,"34":1,"35":4},"f":{"0":4,"1":5,"2":2,"3":2,"4":4,"5":1,"6":2},"b":{"0":[2,2],"1":[1,3]},"_coverageSchema":"1a1c01bbd47fc00a2c39e90264f33305004495a9","hash":"866f6eecc6751f2f17f09bd1b50a3144b802d973"}
}
