TN:
SF:app.js
FN:30,(anonymous_0)
FN:35,(anonymous_1)
FNF:2
FNH:2
FNDA:2,(anonymous_0)
FNDA:39,(anonymous_1)
DA:5,4
DA:6,4
DA:8,4
DA:10,4
DA:11,4
DA:12,4
DA:13,4
DA:15,4
DA:17,4
DA:19,4
DA:20,4
DA:21,4
DA:22,4
DA:24,4
DA:25,4
DA:26,4
DA:30,4
DA:31,2
DA:35,4
DA:36,39
DA:37,39
DA:38,39
DA:40,39
DA:45,4
LF:24
LH:24
BRDA:36,0,0,1
BRDA:36,0,1,38
BRDA:37,1,0,39
BRDA:37,1,1,1
BRF:4
BRH:4
end_of_record
TN:
SF:config.js
FN:13,getDatabaseUri
FNF:1
FNH:1
FNDA:20,getDatabaseUri
DA:5,10
DA:6,10
DA:8,10
DA:10,10
DA:14,20
DA:22,10
DA:24,10
DA:25,10
DA:26,10
DA:27,10
DA:28,10
DA:29,10
DA:31,10
LF:13
LH:13
BRDA:8,0,0,10
BRDA:8,0,1,9
BRDA:10,1,0,10
BRDA:10,1,1,9
BRDA:14,2,0,17
BRDA:14,2,1,3
BRDA:16,3,0,3
BRDA:16,3,1,1
BRDA:22,4,0,9
BRDA:22,4,1,1
BRF:10
BRH:10
end_of_record
TN:
SF:db.js
FNF:0
FNH:0
DA:5,7
DA:6,7
DA:8,7
DA:12,7
DA:14,7
LF:5
LH:5
BRF:0
BRH:0
end_of_record
TN:
SF:expressError.js
FN:8,(anonymous_0)
FN:18,(anonymous_1)
FN:26,(anonymous_2)
FN:34,(anonymous_3)
FN:42,(anonymous_4)
FNF:5
FNH:4
FNDA:57,(anonymous_0)
FNDA:14,(anonymous_1)
FNDA:21,(anonymous_2)
FNDA:22,(anonymous_3)
FNDA:0,(anonymous_4)
DA:9,57
DA:10,57
DA:11,57
DA:19,14
DA:27,21
DA:35,22
DA:43,0
DA:47,9
LF:8
LH:7
BRDA:18,0,0,2
BRDA:26,1,0,17
BRDA:34,2,0,0
BRDA:42,3,0,0
BRF:4
BRH:2
end_of_record
TN:
SF:helpers/sql.js
FN:17,sqlForPartialUpdate
FN:24,(anonymous_1)
FNF:2
FNH:2
FNDA:19,sqlForPartialUpdate
FNDA:32,(anonymous_1)
DA:1,8
DA:19,19
DA:21,19
DA:24,16
DA:25,32
DA:28,16
DA:36,8
LF:7
LH:7
BRDA:21,0,0,3
BRDA:21,0,1,16
BRDA:25,1,0,32
BRDA:25,1,1,15
BRF:4
BRH:4
end_of_record
TN:
SF:helpers/tokens.js
FN:6,createToken
FNF:1
FNH:1
FNDA:16,createToken
DA:1,5
DA:2,5
DA:7,16
DA:10,16
DA:15,16
DA:18,5
LF:6
LH:6
BRDA:12,0,0,16
BRDA:12,0,1,11
BRF:2
BRH:2
end_of_record
TN:
SF:middleware/auth.js
FN:18,authenticateJWT
FN:36,ensureLoggedIn
FN:50,ensureAdmin
FN:62,ensureUserOrAdmin
FNF:4
FNH:4
FNDA:71,authenticateJWT
FNDA:2,ensureLoggedIn
FNDA:31,ensureAdmin
FNDA:19,ensureUserOrAdmin
DA:5,5
DA:6,5
DA:7,5
DA:19,71
DA:20,71
DA:21,71
DA:22,38
DA:23,38
DA:25,69
DA:27,2
DA:37,2
DA:38,2
DA:39,1
DA:41,1
DA:51,31
DA:52,31
DA:53,31
DA:54,15
DA:56,16
DA:63,19
DA:64,19
DA:65,19
DA:66,7
DA:67,11
DA:69,8
DA:74,5
LF:26
LH:26
BRDA:20,0,0,71
BRDA:20,0,1,70
BRDA:21,1,0,38
BRDA:21,1,1,33
BRDA:38,2,0,1
BRDA:38,2,1,1
BRDA:53,3,0,16
BRDA:53,3,1,15
BRDA:53,4,0,31
BRDA:53,4,1,23
BRDA:65,5,0,7
BRDA:65,5,1,11
BRDA:65,6,0,19
BRDA:65,6,1,16
BRDA:65,6,2,12
BRF:15
BRH:15
end_of_record
TN:
SF:models/_testCommon.js
FN:6,commonBeforeAll
FN:44,commonBeforeEach
FN:48,commonAfterEach
FN:52,commonAfterAll
FNF:4
FNH:4
FNDA:3,commonBeforeAll
FNDA:42,commonBeforeEach
FNDA:42,commonAfterEach
FNDA:3,commonAfterAll
DA:1,3
DA:3,3
DA:4,3
DA:8,3
DA:10,3
DA:12,3
DA:18,3
DA:32,3
DA:45,42
DA:49,42
DA:53,3
DA:57,3
LF:12
LH:12
BRF:0
BRH:0
end_of_record
TN:
SF:models/company.js
FN:19,(anonymous_0)
FN:55,(anonymous_1)
FN:96,(anonymous_2)
FN:110,(anonymous_3)
FN:140,(anonymous_4)
FN:167,(anonymous_5)
FNF:6
FNH:6
FNDA:14,(anonymous_0)
FNDA:20,(anonymous_1)
FNDA:17,(anonymous_2)
FNDA:5,(anonymous_3)
FNDA:6,(anonymous_4)
FNDA:4,(anonymous_5)
DA:3,6
DA:4,6
DA:5,6
DA:20,14
DA:26,14
DA:27,1
DA:29,13
DA:47,12
DA:49,12
DA:56,20
DA:57,20
DA:60,20
DA:61,9
DA:62,9
DA:64,20
DA:65,9
DA:66,9
DA:68,20
DA:69,6
DA:70,6
DA:74,20
DA:75,2
DA:78,18
DA:79,14
DA:82,4
DA:84,18
DA:97,17
DA:98,15
DA:106,14
DA:111,5
DA:121,5
DA:123,5
DA:125,3
DA:141,6
DA:147,5
DA:149,5
DA:154,5
DA:155,5
DA:157,5
DA:159,3
DA:168,4
DA:174,4
DA:176,4
DA:181,6
LF:44
LH:44
BRDA:26,0,0,1
BRDA:26,0,1,13
BRDA:60,1,0,9
BRDA:60,1,1,11
BRDA:64,2,0,9
BRDA:64,2,1,11
BRDA:68,3,0,6
BRDA:68,3,1,14
BRDA:68,4,0,20
BRDA:68,4,1,14
BRDA:74,5,0,2
BRDA:74,5,1,18
BRDA:74,6,0,20
BRDA:74,6,1,9
BRDA:74,6,2,5
BRDA:78,7,0,14
BRDA:78,7,1,4
BRDA:96,8,0,1
BRDA:123,9,0,2
BRDA:123,9,1,3
BRDA:157,10,0,2
BRDA:157,10,1,3
BRDA:176,11,0,2
BRDA:176,11,1,2
BRF:24
BRH:24
end_of_record
TN:
SF:models/user.js
FN:24,(anonymous_0)
FN:59,(anonymous_1)
FN:104,(anonymous_2)
FN:126,(anonymous_3)
FN:162,(anonymous_4)
FN:195,(anonymous_5)
FNF:6
FNH:6
FNDA:7,(anonymous_0)
FNDA:19,(anonymous_1)
FNDA:2,(anonymous_2)
FNDA:7,(anonymous_3)
FNDA:10,(anonymous_4)
FNDA:7,(anonymous_5)
DA:3,5
DA:4,5
DA:5,5
DA:10,5
DA:12,5
DA:26,7
DA:38,7
DA:40,7
DA:42,4
DA:43,4
DA:44,3
DA:45,3
DA:49,4
DA:61,19
DA:68,19
DA:69,1
DA:72,18
DA:74,18
DA:94,18
DA:96,18
DA:105,2
DA:115,2
DA:127,7
DA:138,7
DA:140,7
DA:142,5
DA:163,10
DA:164,2
DA:167,10
DA:174,9
DA:176,9
DA:184,9
DA:185,9
DA:187,9
DA:189,7
DA:190,7
DA:196,7
DA:203,7
DA:205,7
DA:210,5
LF:40
LH:40
BRDA:40,0,0,4
BRDA:40,0,1,3
BRDA:43,1,0,3
BRDA:43,1,1,1
BRDA:68,2,0,1
BRDA:68,2,1,18
BRDA:140,3,0,2
BRDA:140,3,1,5
BRDA:163,4,0,2
BRDA:163,4,1,8
BRDA:187,5,0,2
BRDA:187,5,1,7
BRDA:205,6,0,2
BRDA:205,6,1,5
BRF:14
BRH:14
end_of_record
TN:
SF:routes/_testCommon.js
FN:8,commonBeforeAll
FN:73,commonBeforeEach
FN:77,commonAfterEach
FN:81,commonAfterAll
FNF:4
FNH:4
FNDA:3,commonBeforeAll
FNDA:66,commonBeforeEach
FNDA:66,commonAfterEach
FNDA:3,commonAfterAll
DA:3,3
DA:4,3
DA:5,3
DA:6,3
DA:10,3
DA:12,3
DA:14,3
DA:22,3
DA:30,3
DA:39,3
DA:47,3
DA:55,3
DA:63,3
DA:74,66
DA:78,66
DA:82,3
DA:86,3
DA:87,3
DA:88,3
DA:91,3
LF:20
LH:20
BRF:0
BRH:0
end_of_record
TN:
SF:routes/auth.js
FN:22,(anonymous_0)
FN:29,(anonymous_1)
FN:49,(anonymous_2)
FN:56,(anonymous_3)
FNF:4
FNH:4
FNDA:5,(anonymous_0)
FNDA:2,(anonymous_1)
FNDA:4,(anonymous_2)
FNDA:7,(anonymous_3)
DA:5,4
DA:7,4
DA:8,4
DA:9,4
DA:10,4
DA:11,4
DA:12,4
DA:13,4
DA:22,4
DA:23,5
DA:28,5
DA:29,2
DA:30,2
DA:33,3
DA:34,3
DA:35,1
DA:36,1
DA:49,4
DA:50,4
DA:55,4
DA:56,7
DA:57,3
DA:60,1
DA:61,1
DA:62,1
DA:66,4
LF:26
LH:26
BRDA:28,0,0,2
BRDA:28,0,1,3
BRDA:55,1,0,3
BRDA:55,1,1,1
BRF:4
BRH:4
end_of_record
TN:
SF:routes/companies.js
FN:29,(anonymous_0)
FN:37,(anonymous_1)
FN:56,(anonymous_2)
FN:75,(anonymous_3)
FN:98,(anonymous_4)
FN:114,(anonymous_5)
FN:121,(anonymous_6)
FN:134,(anonymous_7)
FNF:8
FNH:8
FNDA:3,(anonymous_0)
FNDA:3,(anonymous_1)
FNDA:11,(anonymous_2)
FNDA:3,(anonymous_3)
FNDA:3,(anonymous_4)
FNDA:4,(anonymous_5)
FNDA:2,(anonymous_6)
FNDA:2,(anonymous_7)
DA:5,4
DA:6,4
DA:8,4
DA:9,4
DA:10,4
DA:12,4
DA:13,4
DA:14,4
DA:16,4
DA:18,4
DA:29,4
DA:31,3
DA:36,3
DA:37,3
DA:38,2
DA:41,1
DA:42,1
DA:56,4
DA:58,11
DA:59,11
DA:60,11
DA:61,4
DA:63,11
DA:64,4
DA:66,11
DA:67,11
DA:69,11
DA:74,11
DA:75,3
DA:76,3
DA:79,8
DA:80,6
DA:81,2
DA:84,4
DA:98,4
DA:99,3
DA:100,2
DA:114,4
DA:115,4
DA:120,4
DA:121,2
DA:122,2
DA:125,2
DA:126,1
DA:134,4
DA:135,2
DA:136,1
DA:140,4
LF:48
LH:48
BRDA:36,0,0,2
BRDA:36,0,1,1
BRDA:60,1,0,4
BRDA:60,1,1,7
BRDA:63,2,0,4
BRDA:63,2,1,7
BRDA:74,3,0,3
BRDA:74,3,1,8
BRDA:80,4,0,2
BRDA:80,4,1,4
BRDA:120,5,0,2
BRDA:120,5,1,2
BRF:12
BRH:12
end_of_record
TN:
SF:routes/users.js
FN:30,(anonymous_0)
FN:37,(anonymous_1)
FN:54,(anonymous_2)
FN:67,(anonymous_3)
FN:83,(anonymous_4)
FN:90,(anonymous_5)
FN:104,(anonymous_6)
FNF:7
FNH:7
FNDA:4,(anonymous_0)
FNDA:5,(anonymous_1)
FNDA:1,(anonymous_2)
FNDA:5,(anonymous_3)
FNDA:7,(anonymous_4)
FNDA:1,(anonymous_5)
FNDA:5,(anonymous_6)
DA:5,4
DA:7,4
DA:8,4
DA:9,4
DA:10,4
DA:11,4
DA:12,4
DA:13,4
DA:15,4
DA:30,4
DA:31,4
DA:36,4
DA:37,5
DA:38,2
DA:41,2
DA:42,2
DA:43,2
DA:54,4
DA:55,1
DA:56,1
DA:67,4
DA:68,5
DA:69,4
DA:83,4
DA:84,7
DA:89,7
DA:90,1
DA:91,1
DA:94,6
DA:95,5
DA:104,4
DA:105,5
DA:106,4
DA:110,4
LF:34
LH:34
BRDA:36,0,0,2
BRDA:36,0,1,2
BRDA:89,1,0,1
BRDA:89,1,1,6
BRF:4
BRH:4
end_of_record
